{"logTime": "0205/014238", "correlationVector":"n8eCYxrMRO2dE/QKmbY4kQ.176","action":"GetUpdates", "result":"DeleteReceived", "context":{"id":"51f98436-5e68-4e6f-8b62-d2ac8d79f7bc", "isDeleted:":"true", "version":"1670707181313"}}
{"logTime": "0205/014238", "correlationVector":"n8eCYxrMRO2dE/QKmbY4kQ.177","action":"GetUpdates", "result":"DeleteReceived", "context":{"id":"b0d7cd62-8b93-40c5-b678-b2b1719072bd", "isDeleted:":"true", "version":"1670707181314"}}
{"logTime": "0205/014238", "correlationVector":"n8eCYxrMRO2dE/QKmbY4kQ.178","action":"GetUpdates", "result":"DeleteReceived", "context":{"id":"11b7147b-5795-4ae4-8043-2cc4f2d31803", "isDeleted:":"true", "version":"1670707181315"}}
{"logTime": "0205/014238", "correlationVector":"n8eCYxrMRO2dE/QKmbY4kQ.179","action":"GetUpdates", "result":"DeleteReceived", "context":{"id":"f366e59b-a85b-4d50-9716-fd26b7b23eb5", "isDeleted:":"true", "version":"1670728391912"}}
{"logTime": "0205/014238", "correlationVector":"n8eCYxrMRO2dE/QKmbY4kQ.180","action":"GetUpdates", "result":"DeleteReceived", "context":{"id":"319c2e79-a016-4d6b-9809-3e278a13b325", "isDeleted:":"true", "version":"1670728391913"}}
{"logTime": "0205/014238", "correlationVector":"n8eCYxrMRO2dE/QKmbY4kQ.181","action":"GetUpdates", "result":"DeleteReceived", "context":{"id":"50c18478-b58b-4e93-acde-6de29ffc92e7", "isDeleted:":"true", "version":"1670728391914"}}
{"logTime": "0205/014238", "correlationVector":"n8eCYxrMRO2dE/QKmbY4kQ.182","action":"GetUpdates", "result":"DeleteReceived", "context":{"id":"583f6ec1-60f1-451d-9890-6e429c9d0e23", "isDeleted:":"true", "version":"1670728391915"}}
{"logTime": "0205/014238", "correlationVector":"n8eCYxrMRO2dE/QKmbY4kQ.183","action":"GetUpdates", "result":"DeleteReceived", "context":{"id":"2799ad7d-f2ad-43a4-acd7-7cabf6be261a", "isDeleted:":"true", "version":"1670728391916"}}
{"logTime": "0205/014238", "correlationVector":"n8eCYxrMRO2dE/QKmbY4kQ.184","action":"GetUpdates", "result":"DeleteReceived", "context":{"id":"2eabc30d-067b-43b7-8598-a239fee9114f", "isDeleted:":"true", "version":"1670728391917"}}
{"logTime": "0205/014238", "correlationVector":"n8eCYxrMRO2dE/QKmbY4kQ.185","action":"GetUpdates", "result":"DeleteReceived", "context":{"id":"616de0e2-ef64-4470-b41a-5e7ab3416d50", "isDeleted:":"true", "version":"1670728391918"}}
{"logTime": "0205/014238", "correlationVector":"n8eCYxrMRO2dE/QKmbY4kQ.186","action":"GetUpdates", "result":"DeleteReceived", "context":{"id":"277d97a0-1e05-47cb-aaf3-8fbac7a6818a", "isDeleted:":"true", "version":"1670728391919"}}
{"logTime": "0205/014238", "correlationVector":"n8eCYxrMRO2dE/QKmbY4kQ.187","action":"GetUpdates", "result":"DeleteReceived", "context":{"id":"3aa55c04-9e5f-41d5-9e6e-9ee1468198b9", "isDeleted:":"true", "version":"1670728391920"}}
{"logTime": "0205/014238", "correlationVector":"n8eCYxrMRO2dE/QKmbY4kQ.188","action":"GetUpdates", "result":"DeleteReceived", "context":{"id":"d6f52762-8053-40e2-a688-4190f521ccad", "isDeleted:":"true", "version":"1670728505597"}}
{"logTime": "0205/014238", "correlationVector":"n8eCYxrMRO2dE/QKmbY4kQ.189","action":"GetUpdates", "result":"DeleteReceived", "context":{"id":"41c347a8-2a66-4f47-8adc-aea1a5409cfc", "isDeleted:":"true", "version":"1670813641910"}}
{"logTime": "0205/014238", "correlationVector":"n8eCYxrMRO2dE/QKmbY4kQ.190","action":"GetUpdates", "result":"DeleteReceived", "context":{"id":"de775427-2ca3-4429-a5d6-b7caac683b69", "isDeleted:":"true", "version":"1670813641911"}}
{"logTime": "0205/014238", "correlationVector":"n8eCYxrMRO2dE/QKmbY4kQ.191","action":"GetUpdates", "result":"DeleteReceived", "context":{"id":"f56538f4-bcc1-4592-93ea-9c1780ba411d", "isDeleted:":"true", "version":"1670815882751"}}
{"logTime": "0205/014238", "correlationVector":"n8eCYxrMRO2dE/QKmbY4kQ.192","action":"GetUpdates", "result":"DeleteReceived", "context":{"id":"66a697a2-011c-426b-be99-8cbdc4944cb1", "isDeleted:":"true", "version":"1670815882752"}}
{"logTime": "0205/014238", "correlationVector":"n8eCYxrMRO2dE/QKmbY4kQ.193","action":"GetUpdates", "result":"DeleteReceived", "context":{"id":"52b804de-239e-4016-aa3b-173e39f68d42", "isDeleted:":"true", "version":"1670815882753"}}
{"logTime": "0205/014238", "correlationVector":"n8eCYxrMRO2dE/QKmbY4kQ.194","action":"GetUpdates", "result":"DeleteReceived", "context":{"id":"ae71076d-6845-411d-b690-85780e599d0f", "isDeleted:":"true", "version":"1670894311801"}}
{"logTime": "0205/014238", "correlationVector":"n8eCYxrMRO2dE/QKmbY4kQ.195","action":"GetUpdates", "result":"DeleteReceived", "context":{"id":"88485cdc-b644-4487-b6ff-b08ae82e1930", "isDeleted:":"true", "version":"1670943649342"}}
{"logTime": "0205/014238", "correlationVector":"n8eCYxrMRO2dE/QKmbY4kQ.196","action":"GetUpdates", "result":"DeleteReceived", "context":{"id":"afe930bc-210d-47b6-b5f2-bfaf756084e3", "isDeleted:":"true", "version":"1670948560029"}}
{"logTime": "0205/014238", "correlationVector":"n8eCYxrMRO2dE/QKmbY4kQ.197","action":"GetUpdates", "result":"DeleteReceived", "context":{"id":"7e1a4892-9d5e-4efa-a3ee-97026bc395b5", "isDeleted:":"true", "version":"1670978370407"}}
{"logTime": "0205/014238", "correlationVector":"n8eCYxrMRO2dE/QKmbY4kQ.198","action":"GetUpdates", "result":"DeleteReceived", "context":{"id":"078715c0-359b-4a91-af95-d2ff6653f90e", "isDeleted:":"true", "version":"1670978370408"}}
{"logTime": "0205/014238", "correlationVector":"n8eCYxrMRO2dE/QKmbY4kQ.199","action":"GetUpdates", "result":"DeleteReceived", "context":{"id":"2365b045-347b-48d7-8d5c-f982332ad0a3", "isDeleted:":"true", "version":"1670981882365"}}
{"logTime": "0205/014238", "correlationVector":"n8eCYxrMRO2dE/QKmbY4kQ.200","action":"GetUpdates", "result":"DeleteReceived", "context":{"id":"98e84442-b7f7-4d08-83e5-4959234116f9", "isDeleted:":"true", "version":"1670981882366"}}
{"logTime": "0205/014238", "correlationVector":"n8eCYxrMRO2dE/QKmbY4kQ.201","action":"GetUpdates", "result":"DeleteReceived", "context":{"id":"9b26bf0b-fda9-4c53-b820-53e7e93254d2", "isDeleted:":"true", "version":"1670981882367"}}
{"logTime": "0205/014238", "correlationVector":"n8eCYxrMRO2dE/QKmbY4kQ.202","action":"GetUpdates", "result":"DeleteReceived", "context":{"id":"3c18d355-5cd3-4d85-9a07-652e41d2141e", "isDeleted:":"true", "version":"1670981882368"}}
{"logTime": "0205/014238", "correlationVector":"n8eCYxrMRO2dE/QKmbY4kQ.203","action":"GetUpdates", "result":"DeleteReceived", "context":{"id":"79d2c1d0-24ed-4f85-baab-d60fe0d32870", "isDeleted:":"true", "version":"1670981914368"}}
{"logTime": "0205/014238", "correlationVector":"n8eCYxrMRO2dE/QKmbY4kQ.204","action":"GetUpdates", "result":"DeleteReceived", "context":{"id":"6ccebb36-d61f-407e-8372-dd8525ee12bc", "isDeleted:":"true", "version":"1671155494875"}}
{"logTime": "0205/014238", "correlationVector":"n8eCYxrMRO2dE/QKmbY4kQ.205","action":"GetUpdates", "result":"DeleteReceived", "context":{"id":"5643749e-0162-4981-9bef-5264cc798bf5", "isDeleted:":"true", "version":"1671221327348"}}
{"logTime": "0205/014238", "correlationVector":"n8eCYxrMRO2dE/QKmbY4kQ.206","action":"GetUpdates", "result":"DeleteReceived", "context":{"id":"f63db20f-aa77-487f-8c6f-57479e175b68", "isDeleted:":"true", "version":"1671236298737"}}
{"logTime": "0205/014238", "correlationVector":"n8eCYxrMRO2dE/QKmbY4kQ.207","action":"GetUpdates", "result":"DeleteReceived", "context":{"id":"9a7bd478-690b-49f8-91c6-905b9d3d7c53", "isDeleted:":"true", "version":"1671236298738"}}
{"logTime": "0205/014238", "correlationVector":"n8eCYxrMRO2dE/QKmbY4kQ.208","action":"GetUpdates", "result":"DeleteReceived", "context":{"id":"1a81e453-1db4-4920-91c5-d624b3bbefe0", "isDeleted:":"true", "version":"1671393169092"}}
{"logTime": "0205/014238", "correlationVector":"n8eCYxrMRO2dE/QKmbY4kQ.209","action":"GetUpdates", "result":"DeleteReceived", "context":{"id":"c3f1a618-baba-48a4-9354-9492e59d186d", "isDeleted:":"true", "version":"1671393169093"}}
{"logTime": "0205/014238", "correlationVector":"n8eCYxrMRO2dE/QKmbY4kQ.210","action":"GetUpdates", "result":"DeleteReceived", "context":{"id":"4b08f31e-dc7d-4559-b271-910981eff32e", "isDeleted:":"true", "version":"1671393169094"}}
{"logTime": "0205/014238", "correlationVector":"n8eCYxrMRO2dE/QKmbY4kQ.211","action":"GetUpdates", "result":"DeleteReceived", "context":{"id":"906ce999-e44e-4520-a8e1-bbd7e80874a7", "isDeleted:":"true", "version":"1671393169095"}}
{"logTime": "0205/014238", "correlationVector":"n8eCYxrMRO2dE/QKmbY4kQ.212","action":"GetUpdates", "result":"DeleteReceived", "context":{"id":"55fd3e61-6f0e-40d9-8434-1c49f3b615de", "isDeleted:":"true", "version":"1671393169096"}}
{"logTime": "0205/014238", "correlationVector":"n8eCYxrMRO2dE/QKmbY4kQ.213","action":"GetUpdates", "result":"DeleteReceived", "context":{"id":"8c6f1313-bacc-482e-81ca-a82bdbe233a8", "isDeleted:":"true", "version":"1671393982074"}}
{"logTime": "0205/014238", "correlationVector":"n8eCYxrMRO2dE/QKmbY4kQ.214","action":"GetUpdates", "result":"DeleteReceived", "context":{"id":"9883f6ee-a64a-494b-843f-df44b25db4e1", "isDeleted:":"true", "version":"1671393982075"}}
{"logTime": "0205/014238", "correlationVector":"n8eCYxrMRO2dE/QKmbY4kQ.215","action":"GetUpdates", "result":"DeleteReceived", "context":{"id":"652d5550-1ccd-41b6-9667-e63dc2d2f82a", "isDeleted:":"true", "version":"1671495313735"}}
{"logTime": "0205/014238", "correlationVector":"n8eCYxrMRO2dE/QKmbY4kQ.216","action":"GetUpdates", "result":"DeleteReceived", "context":{"id":"f4a19a03-fe3f-4509-b5f2-9589af11e998", "isDeleted:":"true", "version":"1671499851125"}}
{"logTime": "0205/014238", "correlationVector":"n8eCYxrMRO2dE/QKmbY4kQ.217","action":"GetUpdates", "result":"DeleteReceived", "context":{"id":"fa5a2e17-5b1c-4b08-b428-440753a7167c", "isDeleted:":"true", "version":"1671500529871"}}
{"logTime": "0205/014238", "correlationVector":"n8eCYxrMRO2dE/QKmbY4kQ.218","action":"GetUpdates", "result":"DeleteReceived", "context":{"id":"ece79224-826c-45bc-b784-e14a54ab1f18", "isDeleted:":"true", "version":"1671500603592"}}
{"logTime": "0205/014238", "correlationVector":"n8eCYxrMRO2dE/QKmbY4kQ.219","action":"GetUpdates", "result":"DeleteReceived", "context":{"id":"0a705281-06cd-4b8b-bbdf-2b33fd5ed736", "isDeleted:":"true", "version":"1671500689452"}}
{"logTime": "0205/014238", "correlationVector":"n8eCYxrMRO2dE/QKmbY4kQ.220","action":"GetUpdates", "result":"DeleteReceived", "context":{"id":"72495fbc-9100-48c3-b86a-4024fefb0af2", "isDeleted:":"true", "version":"1671500689453"}}
{"logTime": "0205/014238", "correlationVector":"n8eCYxrMRO2dE/QKmbY4kQ.221","action":"GetUpdates", "result":"DeleteReceived", "context":{"id":"e341c9e1-258a-486a-abd8-89ec28657211", "isDeleted:":"true", "version":"1671500689454"}}
{"logTime": "0205/014238", "correlationVector":"n8eCYxrMRO2dE/QKmbY4kQ.222","action":"GetUpdates", "result":"DeleteReceived", "context":{"id":"351fab18-89f8-4a72-8694-055f423b2944", "isDeleted:":"true", "version":"1671500689455"}}
{"logTime": "0205/014238", "correlationVector":"n8eCYxrMRO2dE/QKmbY4kQ.223","action":"GetUpdates", "result":"DeleteReceived", "context":{"id":"04a6727e-8189-4e6e-8b60-0541dce87a4b", "isDeleted:":"true", "version":"1671500689456"}}
{"logTime": "0205/014238", "correlationVector":"n8eCYxrMRO2dE/QKmbY4kQ.224","action":"GetUpdates", "result":"DeleteReceived", "context":{"id":"1f1263e9-422a-4246-8b77-74f25a45958e", "isDeleted:":"true", "version":"1671500689457"}}
{"logTime": "0205/014238", "correlationVector":"n8eCYxrMRO2dE/QKmbY4kQ.225","action":"GetUpdates", "result":"DeleteReceived", "context":{"id":"c9d506cd-9d68-416c-a4cc-9ece35b31bdf", "isDeleted:":"true", "version":"1671500689458"}}
{"logTime": "0205/014238", "correlationVector":"n8eCYxrMRO2dE/QKmbY4kQ.226","action":"GetUpdates", "result":"DeleteReceived", "context":{"id":"cfcf3e34-d920-443c-8d78-13ec369e4126", "isDeleted:":"true", "version":"1671642105529"}}
{"logTime": "0205/014238", "correlationVector":"n8eCYxrMRO2dE/QKmbY4kQ.227","action":"GetUpdates", "result":"DeleteReceived", "context":{"id":"a768e7ff-8b47-484d-8895-e93b10b29494", "isDeleted:":"true", "version":"1671642105530"}}
{"logTime": "0205/014238", "correlationVector":"n8eCYxrMRO2dE/QKmbY4kQ.228","action":"GetUpdates", "result":"DeleteReceived", "context":{"id":"207b1e25-9412-4fb3-abcc-b0f956c1b550", "isDeleted:":"true", "version":"1671642105531"}}
{"logTime": "0205/014238", "correlationVector":"n8eCYxrMRO2dE/QKmbY4kQ.229","action":"GetUpdates", "result":"DeleteReceived", "context":{"id":"a62d013e-906a-4758-b202-047866697484", "isDeleted:":"true", "version":"1671642105532"}}
{"logTime": "0205/014238", "correlationVector":"n8eCYxrMRO2dE/QKmbY4kQ.230","action":"GetUpdates", "result":"DeleteReceived", "context":{"id":"c94624b7-4ec0-4a9d-9cca-1de8bbe6434e", "isDeleted:":"true", "version":"1671660775013"}}
{"logTime": "0205/014238", "correlationVector":"n8eCYxrMRO2dE/QKmbY4kQ.231","action":"GetUpdates", "result":"DeleteReceived", "context":{"id":"7506dcd0-a9a2-48d5-aee2-d1af5cc2ba5f", "isDeleted:":"true", "version":"1671660880646"}}
{"logTime": "0205/014238", "correlationVector":"n8eCYxrMRO2dE/QKmbY4kQ.232","action":"GetUpdates", "result":"DeleteReceived", "context":{"id":"ddd3e2b2-e564-45cb-a07b-fbe6977d734e", "isDeleted:":"true", "version":"1671727986358"}}
{"logTime": "0205/014238", "correlationVector":"n8eCYxrMRO2dE/QKmbY4kQ.233","action":"GetUpdates", "result":"DeleteReceived", "context":{"id":"0c8c42f9-f038-48ef-bc29-5e5a41c72347", "isDeleted:":"true", "version":"1671727986359"}}
{"logTime": "0205/014238", "correlationVector":"n8eCYxrMRO2dE/QKmbY4kQ.234","action":"GetUpdates", "result":"DeleteReceived", "context":{"id":"a81f50bd-5b1f-4a0b-bb93-c8050fac9c40", "isDeleted:":"true", "version":"1671727986360"}}
{"logTime": "0205/014238", "correlationVector":"n8eCYxrMRO2dE/QKmbY4kQ.235","action":"GetUpdates", "result":"DeleteReceived", "context":{"id":"c68d41f1-83c5-45fd-a183-0bbdd86ec0fb", "isDeleted:":"true", "version":"1671728113550"}}
{"logTime": "0205/014238", "correlationVector":"n8eCYxrMRO2dE/QKmbY4kQ.236","action":"GetUpdates", "result":"DeleteReceived", "context":{"id":"e0d909f6-2fc0-4396-a36e-1d6dc972a79a", "isDeleted:":"true", "version":"1671728113551"}}
{"logTime": "0205/014238", "correlationVector":"n8eCYxrMRO2dE/QKmbY4kQ.237","action":"GetUpdates", "result":"DeleteReceived", "context":{"id":"a0b7bc14-ec88-4aab-9fc8-660db6d61b6f", "isDeleted:":"true", "version":"1671728113552"}}
{"logTime": "0205/014238", "correlationVector":"n8eCYxrMRO2dE/QKmbY4kQ.238","action":"GetUpdates", "result":"DeleteReceived", "context":{"id":"df332c34-990a-44fa-87ca-5a443bbe0e2a", "isDeleted:":"true", "version":"1671728113553"}}
{"logTime": "0205/014238", "correlationVector":"n8eCYxrMRO2dE/QKmbY4kQ.239","action":"GetUpdates", "result":"DeleteReceived", "context":{"id":"327f64b2-22fb-41b0-b265-b9853246314c", "isDeleted:":"true", "version":"1671742016274"}}
{"logTime": "0205/014238", "correlationVector":"n8eCYxrMRO2dE/QKmbY4kQ.240","action":"GetUpdates", "result":"DeleteReceived", "context":{"id":"daf673fb-827a-4ddc-b9f8-1c01a233d9b4", "isDeleted:":"true", "version":"1671742420127"}}
{"logTime": "0205/014238", "correlationVector":"n8eCYxrMRO2dE/QKmbY4kQ.241","action":"GetUpdates", "result":"DeleteReceived", "context":{"id":"bcb74aea-ed51-4eef-9c60-4153f84f9897", "isDeleted:":"true", "version":"1671816987813"}}
{"logTime": "0205/014238", "correlationVector":"n8eCYxrMRO2dE/QKmbY4kQ.242","action":"GetUpdates", "result":"DeleteReceived", "context":{"id":"b48ce05a-44d9-483b-a525-236c8e1693e1", "isDeleted:":"true", "version":"1671816987814"}}
{"logTime": "0205/014238", "correlationVector":"n8eCYxrMRO2dE/QKmbY4kQ.243","action":"GetUpdates", "result":"DeleteReceived", "context":{"id":"4be03618-81f8-45bb-a924-e3f1a8ae485a", "isDeleted:":"true", "version":"1671816987815"}}
{"logTime": "0205/014238", "correlationVector":"n8eCYxrMRO2dE/QKmbY4kQ.244","action":"GetUpdates", "result":"DeleteReceived", "context":{"id":"391ee04f-461a-4008-9cd7-403ac8f47394", "isDeleted:":"true", "version":"1671816987816"}}
{"logTime": "0205/014238", "correlationVector":"n8eCYxrMRO2dE/QKmbY4kQ.245","action":"GetUpdates", "result":"DeleteReceived", "context":{"id":"55a18c09-833b-4a5a-b7a7-cc8345a8f766", "isDeleted:":"true", "version":"1671816987817"}}
{"logTime": "0205/014238", "correlationVector":"n8eCYxrMRO2dE/QKmbY4kQ.246","action":"GetUpdates Response", "result":"SERVER_MORE_TO_DOWNLOAD", "context":Received 249 update(s).  Some updates remain.}
{"logTime": "0205/014238", "correlationVector":"+xwWX7k0JyrMc/wIXmf/Z0","action":"Initial GetUpdates", "result":"", "context":Reason: RECONFIGURATION. cV=+xwWX7k0JyrMc/wIXmf/Z0}
{"logTime": "0205/014239", "correlationVector":"+xwWX7k0JyrMc/wIXmf/Z0.1","action":"SyncServerConnectionManagerRequest", "result":"SYNC_SERVER_OK", "context":{"environment":"Prod_EastUS2_000e", "server":"GENERAL01000022"}}
{"logTime": "0205/014239", "correlationVector":"+xwWX7k0JyrMc/wIXmf/Z0.2","action":"GetUpdates", "result":"DeleteReceived", "context":{"id":"a8e7db35-2d34-48db-aa51-bfea0e21affa", "isDeleted:":"true", "version":"1671840064425"}}
{"logTime": "0205/014239", "correlationVector":"+xwWX7k0JyrMc/wIXmf/Z0.3","action":"GetUpdates", "result":"DeleteReceived", "context":{"id":"b73fd42f-7def-40d4-9bbd-26cf85453ea5", "isDeleted:":"true", "version":"1671893563874"}}
{"logTime": "0205/014239", "correlationVector":"+xwWX7k0JyrMc/wIXmf/Z0.4","action":"GetUpdates", "result":"DeleteReceived", "context":{"id":"3d8c0a7d-ca75-4ea2-a9ca-63454c61e4e3", "isDeleted:":"true", "version":"1671920895695"}}
{"logTime": "0205/014239", "correlationVector":"+xwWX7k0JyrMc/wIXmf/Z0.5","action":"GetUpdates", "result":"DeleteReceived", "context":{"id":"2184bd0d-e5e3-4aae-9f7d-cfbf19b35baf", "isDeleted:":"true", "version":"1672000510257"}}
{"logTime": "0205/014239", "correlationVector":"+xwWX7k0JyrMc/wIXmf/Z0.6","action":"GetUpdates", "result":"DeleteReceived", "context":{"id":"e97ab136-d049-4244-85ae-8ee328ce8ecc", "isDeleted:":"true", "version":"1672019719037"}}
{"logTime": "0205/014239", "correlationVector":"+xwWX7k0JyrMc/wIXmf/Z0.7","action":"GetUpdates", "result":"DeleteReceived", "context":{"id":"a56b1c61-1e84-41f2-9d2b-c852b94968ad", "isDeleted:":"true", "version":"1672075851369"}}
{"logTime": "0205/014239", "correlationVector":"+xwWX7k0JyrMc/wIXmf/Z0.8","action":"GetUpdates", "result":"DeleteReceived", "context":{"id":"e608a2da-eb92-4853-b9fc-bae846ac89fc", "isDeleted:":"true", "version":"1672075851370"}}
{"logTime": "0205/014239", "correlationVector":"+xwWX7k0JyrMc/wIXmf/Z0.9","action":"GetUpdates", "result":"DeleteReceived", "context":{"id":"c39dcf3b-d57f-454a-8d45-2bf33cfe0610", "isDeleted:":"true", "version":"1672075882442"}}
{"logTime": "0205/014239", "correlationVector":"+xwWX7k0JyrMc/wIXmf/Z0.10","action":"GetUpdates", "result":"DeleteReceived", "context":{"id":"9a3a82bf-61ab-4dff-a237-b6310b2fdf6f", "isDeleted:":"true", "version":"1672194757885"}}
{"logTime": "0205/014239", "correlationVector":"+xwWX7k0JyrMc/wIXmf/Z0.11","action":"GetUpdates", "result":"DeleteReceived", "context":{"id":"44af993a-4e69-4108-83f1-cf19e63a6b0f", "isDeleted:":"true", "version":"1672260148342"}}
{"logTime": "0205/014239", "correlationVector":"+xwWX7k0JyrMc/wIXmf/Z0.12","action":"GetUpdates", "result":"DeleteReceived", "context":{"id":"18b8732d-df94-4222-8932-d3c5b97797bb", "isDeleted:":"true", "version":"1672260148343"}}
{"logTime": "0205/014239", "correlationVector":"+xwWX7k0JyrMc/wIXmf/Z0.13","action":"GetUpdates", "result":"DeleteReceived", "context":{"id":"4d790fba-8251-4ca4-a906-0aead570ccc3", "isDeleted:":"true", "version":"1672262423132"}}
{"logTime": "0205/014239", "correlationVector":"+xwWX7k0JyrMc/wIXmf/Z0.14","action":"GetUpdates", "result":"DeleteReceived", "context":{"id":"40808427-5d47-40d7-8805-4c54ed710895", "isDeleted:":"true", "version":"1672278292956"}}
{"logTime": "0205/014239", "correlationVector":"+xwWX7k0JyrMc/wIXmf/Z0.15","action":"GetUpdates", "result":"DeleteReceived", "context":{"id":"8deb9113-b476-473a-b7a6-d1052025bc4d", "isDeleted:":"true", "version":"1672284310731"}}
{"logTime": "0205/014239", "correlationVector":"+xwWX7k0JyrMc/wIXmf/Z0.16","action":"GetUpdates", "result":"DeleteReceived", "context":{"id":"6f8f2f1c-64b7-43f9-af40-a46dc61f8786", "isDeleted:":"true", "version":"1672284310732"}}
{"logTime": "0205/014239", "correlationVector":"+xwWX7k0JyrMc/wIXmf/Z0.17","action":"GetUpdates", "result":"DeleteReceived", "context":{"id":"6734454a-b523-41c0-b42a-83461cc34620", "isDeleted:":"true", "version":"1672284310733"}}
{"logTime": "0205/014239", "correlationVector":"+xwWX7k0JyrMc/wIXmf/Z0.18","action":"GetUpdates", "result":"DeleteReceived", "context":{"id":"6541b1e5-99fd-4a0d-9daa-81d8480af572", "isDeleted:":"true", "version":"1672284310734"}}
{"logTime": "0205/014239", "correlationVector":"+xwWX7k0JyrMc/wIXmf/Z0.19","action":"GetUpdates", "result":"DeleteReceived", "context":{"id":"85a08e60-ffa0-4bc5-bb4d-aad1fe10d427", "isDeleted:":"true", "version":"1672284310735"}}
{"logTime": "0205/014239", "correlationVector":"+xwWX7k0JyrMc/wIXmf/Z0.20","action":"GetUpdates", "result":"DeleteReceived", "context":{"id":"1ef01862-8ce2-4c13-8d79-7f18e30c9063", "isDeleted:":"true", "version":"1672284310736"}}
{"logTime": "0205/014239", "correlationVector":"+xwWX7k0JyrMc/wIXmf/Z0.21","action":"GetUpdates", "result":"DeleteReceived", "context":{"id":"4e356496-a2fa-4761-901e-05dcfa517fbf", "isDeleted:":"true", "version":"1672284310737"}}
{"logTime": "0205/014239", "correlationVector":"+xwWX7k0JyrMc/wIXmf/Z0.22","action":"GetUpdates", "result":"DeleteReceived", "context":{"id":"c774fc4d-ec5f-4155-ab6e-b7365979007f", "isDeleted:":"true", "version":"1672284310738"}}
{"logTime": "0205/014239", "correlationVector":"+xwWX7k0JyrMc/wIXmf/Z0.23","action":"GetUpdates", "result":"DeleteReceived", "context":{"id":"9a0662b5-11a0-41cd-846d-7be5724219f7", "isDeleted:":"true", "version":"1672284310739"}}
{"logTime": "0205/014239", "correlationVector":"+xwWX7k0JyrMc/wIXmf/Z0.24","action":"GetUpdates", "result":"DeleteReceived", "context":{"id":"a90bcae1-6461-4a91-9d44-a15f471af261", "isDeleted:":"true", "version":"1672284310740"}}
{"logTime": "0205/014239", "correlationVector":"+xwWX7k0JyrMc/wIXmf/Z0.25","action":"GetUpdates", "result":"DeleteReceived", "context":{"id":"f9ee7cd9-d252-4268-87bc-340c4a06eaf9", "isDeleted:":"true", "version":"1672284310741"}}
{"logTime": "0205/014239", "correlationVector":"+xwWX7k0JyrMc/wIXmf/Z0.26","action":"GetUpdates", "result":"DeleteReceived", "context":{"id":"76fdbe63-c115-41e2-a5aa-830a2a0aa77f", "isDeleted:":"true", "version":"1672284310742"}}
{"logTime": "0205/014239", "correlationVector":"+xwWX7k0JyrMc/wIXmf/Z0.27","action":"GetUpdates", "result":"DeleteReceived", "context":{"id":"83fc4529-db1a-4881-8871-7c2449a3fea6", "isDeleted:":"true", "version":"1672324928348"}}
{"logTime": "0205/014239", "correlationVector":"+xwWX7k0JyrMc/wIXmf/Z0.28","action":"GetUpdates", "result":"DeleteReceived", "context":{"id":"8e6ebfa8-00aa-4486-845b-6119b2aa78a5", "isDeleted:":"true", "version":"1672324928349"}}
{"logTime": "0205/014239", "correlationVector":"+xwWX7k0JyrMc/wIXmf/Z0.29","action":"GetUpdates", "result":"DeleteReceived", "context":{"id":"ce08225b-af9e-461f-aa89-73f6a2a912b0", "isDeleted:":"true", "version":"1672324928350"}}
{"logTime": "0205/014239", "correlationVector":"+xwWX7k0JyrMc/wIXmf/Z0.30","action":"GetUpdates", "result":"DeleteReceived", "context":{"id":"edac7575-5b2a-4f0f-a8a9-40b3b528b1f3", "isDeleted:":"true", "version":"1672324928351"}}
{"logTime": "0205/014239", "correlationVector":"+xwWX7k0JyrMc/wIXmf/Z0.31","action":"GetUpdates", "result":"DeleteReceived", "context":{"id":"0b0adb99-acfa-4d4c-bd35-ff7f0d82b81d", "isDeleted:":"true", "version":"1672324928352"}}
{"logTime": "0205/014239", "correlationVector":"+xwWX7k0JyrMc/wIXmf/Z0.32","action":"GetUpdates", "result":"DeleteReceived", "context":{"id":"f15ab668-e5c1-4cdd-92b9-f46c5436d8d1", "isDeleted:":"true", "version":"1672324928353"}}
{"logTime": "0205/014239", "correlationVector":"+xwWX7k0JyrMc/wIXmf/Z0.33","action":"GetUpdates", "result":"DeleteReceived", "context":{"id":"6d2665e3-d7ff-481b-a736-4aafa98e99fa", "isDeleted:":"true", "version":"1672328007308"}}
{"logTime": "0205/014239", "correlationVector":"+xwWX7k0JyrMc/wIXmf/Z0.34","action":"GetUpdates", "result":"DeleteReceived", "context":{"id":"b3fab6ac-4c2a-4a5c-99c7-cb91038dbabd", "isDeleted:":"true", "version":"1672328007309"}}
{"logTime": "0205/014239", "correlationVector":"+xwWX7k0JyrMc/wIXmf/Z0.35","action":"GetUpdates", "result":"DeleteReceived", "context":{"id":"79c3b250-2e07-4732-ba53-1cedfbb5c363", "isDeleted:":"true", "version":"1672343175313"}}
{"logTime": "0205/014239", "correlationVector":"+xwWX7k0JyrMc/wIXmf/Z0.36","action":"GetUpdates", "result":"DeleteReceived", "context":{"id":"dc4c139c-963d-4dad-abd9-953cf74c81c4", "isDeleted:":"true", "version":"1672366416444"}}
{"logTime": "0205/014239", "correlationVector":"+xwWX7k0JyrMc/wIXmf/Z0.37","action":"GetUpdates", "result":"DeleteReceived", "context":{"id":"aca754d1-c1ac-42da-8ae8-3a77ed6acb95", "isDeleted:":"true", "version":"1672367804286"}}
{"logTime": "0205/014239", "correlationVector":"+xwWX7k0JyrMc/wIXmf/Z0.38","action":"GetUpdates", "result":"DeleteReceived", "context":{"id":"27fad086-b56e-470c-9961-cf7fbdbcf50c", "isDeleted:":"true", "version":"1672367804287"}}
{"logTime": "0205/014239", "correlationVector":"+xwWX7k0JyrMc/wIXmf/Z0.39","action":"GetUpdates", "result":"DeleteReceived", "context":{"id":"07aa48c0-1a24-418d-8adf-0c39e14296c5", "isDeleted:":"true", "version":"1672627738378"}}
{"logTime": "0205/014239", "correlationVector":"+xwWX7k0JyrMc/wIXmf/Z0.40","action":"GetUpdates", "result":"DeleteReceived", "context":{"id":"76f54679-f6cb-48ec-9cc7-cbeb163db122", "isDeleted:":"true", "version":"1672628084520"}}
{"logTime": "0205/014239", "correlationVector":"+xwWX7k0JyrMc/wIXmf/Z0.41","action":"GetUpdates", "result":"DeleteReceived", "context":{"id":"b25969b4-f844-4563-96bb-c3051ccd04b5", "isDeleted:":"true", "version":"1672709538638"}}
{"logTime": "0205/014239", "correlationVector":"+xwWX7k0JyrMc/wIXmf/Z0.42","action":"GetUpdates", "result":"DeleteReceived", "context":{"id":"882467aa-d8fb-445c-9d41-870d478054c3", "isDeleted:":"true", "version":"1672709538639"}}
{"logTime": "0205/014239", "correlationVector":"+xwWX7k0JyrMc/wIXmf/Z0.43","action":"GetUpdates", "result":"DeleteReceived", "context":{"id":"ee75617d-b366-44fe-8fb1-3cd0f1bf296d", "isDeleted:":"true", "version":"1672712283535"}}
{"logTime": "0205/014239", "correlationVector":"+xwWX7k0JyrMc/wIXmf/Z0.44","action":"GetUpdates", "result":"DeleteReceived", "context":{"id":"ac8f9460-50f7-4ffc-9831-cb32f49a733e", "isDeleted:":"true", "version":"1672795145630"}}
{"logTime": "0205/014239", "correlationVector":"+xwWX7k0JyrMc/wIXmf/Z0.45","action":"GetUpdates", "result":"DeleteReceived", "context":{"id":"98167851-ad41-4178-97df-530236cc4f9a", "isDeleted:":"true", "version":"1673035417111"}}
{"logTime": "0205/014239", "correlationVector":"+xwWX7k0JyrMc/wIXmf/Z0.46","action":"GetUpdates", "result":"DeleteReceived", "context":{"id":"67b8b121-451e-46d9-afb1-ebd09b19ef85", "isDeleted:":"true", "version":"1673035417112"}}
{"logTime": "0205/014239", "correlationVector":"+xwWX7k0JyrMc/wIXmf/Z0.47","action":"GetUpdates", "result":"DeleteReceived", "context":{"id":"ec7a438f-b004-4877-9dfa-ef0fdadfa035", "isDeleted:":"true", "version":"1673035599810"}}
{"logTime": "0205/014239", "correlationVector":"+xwWX7k0JyrMc/wIXmf/Z0.48","action":"GetUpdates", "result":"DeleteReceived", "context":{"id":"b268b5ed-2ce5-4f4e-9446-4bd8398f2d0e", "isDeleted:":"true", "version":"1673061884754"}}
{"logTime": "0205/014239", "correlationVector":"+xwWX7k0JyrMc/wIXmf/Z0.49","action":"GetUpdates", "result":"DeleteReceived", "context":{"id":"9d9f27f6-0867-4824-9cab-38241ff23fec", "isDeleted:":"true", "version":"1673061884755"}}
{"logTime": "0205/014239", "correlationVector":"+xwWX7k0JyrMc/wIXmf/Z0.50","action":"GetUpdates", "result":"DeleteReceived", "context":{"id":"483c3b36-57ae-4eb1-895c-ea8f48c8762c", "isDeleted:":"true", "version":"1673061884756"}}
{"logTime": "0205/014239", "correlationVector":"+xwWX7k0JyrMc/wIXmf/Z0.51","action":"GetUpdates", "result":"DeleteReceived", "context":{"id":"267c4af8-699a-4fdb-a964-12c524d527b5", "isDeleted:":"true", "version":"1673139249372"}}
{"logTime": "0205/014239", "correlationVector":"+xwWX7k0JyrMc/wIXmf/Z0.52","action":"GetUpdates", "result":"DeleteReceived", "context":{"id":"6add9417-a7ec-4bdc-8a22-2c93cd23f431", "isDeleted:":"true", "version":"1673149444070"}}
{"logTime": "0205/014239", "correlationVector":"+xwWX7k0JyrMc/wIXmf/Z0.53","action":"GetUpdates", "result":"DeleteReceived", "context":{"id":"141f4042-e29d-42cd-bafd-ffdbb3011e82", "isDeleted:":"true", "version":"1673149444071"}}
{"logTime": "0205/014239", "correlationVector":"+xwWX7k0JyrMc/wIXmf/Z0.54","action":"GetUpdates", "result":"DeleteReceived", "context":{"id":"cc6b76dd-f00b-4d08-80e4-fbfbaf71e327", "isDeleted:":"true", "version":"1673149444072"}}
{"logTime": "0205/014239", "correlationVector":"+xwWX7k0JyrMc/wIXmf/Z0.55","action":"GetUpdates", "result":"DeleteReceived", "context":{"id":"cc142f8d-f26d-4014-a895-f46d9c6e3fa2", "isDeleted:":"true", "version":"1673149444073"}}
{"logTime": "0205/014239", "correlationVector":"+xwWX7k0JyrMc/wIXmf/Z0.56","action":"GetUpdates", "result":"DeleteReceived", "context":{"id":"82d8c6f7-472b-4bff-b1c4-ff0d2dce40eb", "isDeleted:":"true", "version":"1673150801318"}}
{"logTime": "0205/014239", "correlationVector":"+xwWX7k0JyrMc/wIXmf/Z0.57","action":"GetUpdates", "result":"DeleteReceived", "context":{"id":"4899f1df-c134-4897-9206-54054124dd54", "isDeleted:":"true", "version":"1673150801319"}}
{"logTime": "0205/014239", "correlationVector":"+xwWX7k0JyrMc/wIXmf/Z0.58","action":"GetUpdates", "result":"DeleteReceived", "context":{"id":"85bcb2c1-383c-446a-bfd1-b6e172d0020c", "isDeleted:":"true", "version":"1673150801320"}}
{"logTime": "0205/014239", "correlationVector":"+xwWX7k0JyrMc/wIXmf/Z0.59","action":"GetUpdates", "result":"DeleteReceived", "context":{"id":"e2bcb40a-89a8-4216-bbc3-b48e5a1f1904", "isDeleted:":"true", "version":"1673237549684"}}
{"logTime": "0205/014239", "correlationVector":"+xwWX7k0JyrMc/wIXmf/Z0.60","action":"GetUpdates", "result":"DeleteReceived", "context":{"id":"308bd6ea-e179-4167-8ab4-311a231b2def", "isDeleted:":"true", "version":"1673309243683"}}
{"logTime": "0205/014239", "correlationVector":"+xwWX7k0JyrMc/wIXmf/Z0.61","action":"GetUpdates", "result":"DeleteReceived", "context":{"id":"7f09b1f1-ee51-48db-b626-b0a959ae5b32", "isDeleted:":"true", "version":"1673309243684"}}
{"logTime": "0205/014239", "correlationVector":"+xwWX7k0JyrMc/wIXmf/Z0.62","action":"GetUpdates", "result":"DeleteReceived", "context":{"id":"dde0eca9-af68-4c72-8024-f1d5a6453981", "isDeleted:":"true", "version":"1673309243685"}}
{"logTime": "0205/014239", "correlationVector":"+xwWX7k0JyrMc/wIXmf/Z0.63","action":"GetUpdates", "result":"DeleteReceived", "context":{"id":"57221e66-c696-445f-a678-a82e0e6efc3e", "isDeleted:":"true", "version":"1673309243686"}}
{"logTime": "0205/014239", "correlationVector":"+xwWX7k0JyrMc/wIXmf/Z0.64","action":"GetUpdates", "result":"DeleteReceived", "context":{"id":"c1b37d3e-83b5-4e9f-8442-b3732f942550", "isDeleted:":"true", "version":"1673309243687"}}
{"logTime": "0205/014239", "correlationVector":"+xwWX7k0JyrMc/wIXmf/Z0.65","action":"GetUpdates", "result":"DeleteReceived", "context":{"id":"06d7bded-2545-4fa9-943f-bca61ffaa226", "isDeleted:":"true", "version":"1673395436576"}}
{"logTime": "0205/014239", "correlationVector":"+xwWX7k0JyrMc/wIXmf/Z0.66","action":"GetUpdates", "result":"DeleteReceived", "context":{"id":"ef43b214-7ca0-480b-bac4-dd46e147d897", "isDeleted:":"true", "version":"1673395436578"}}
{"logTime": "0205/014239", "correlationVector":"+xwWX7k0JyrMc/wIXmf/Z0.67","action":"GetUpdates", "result":"DeleteReceived", "context":{"id":"7546b0da-af12-474c-9b0f-12eabe3115f0", "isDeleted:":"true", "version":"1673395436579"}}
{"logTime": "0205/014239", "correlationVector":"+xwWX7k0JyrMc/wIXmf/Z0.68","action":"GetUpdates", "result":"DeleteReceived", "context":{"id":"b2fac190-b048-45a8-9438-993221943fa1", "isDeleted:":"true", "version":"1673461109394"}}
{"logTime": "0205/014239", "correlationVector":"+xwWX7k0JyrMc/wIXmf/Z0.69","action":"GetUpdates", "result":"DeleteReceived", "context":{"id":"2b11f480-7705-40d7-a049-9c4440674d52", "isDeleted:":"true", "version":"1673461109395"}}
{"logTime": "0205/014239", "correlationVector":"+xwWX7k0JyrMc/wIXmf/Z0.70","action":"GetUpdates", "result":"DeleteReceived", "context":{"id":"9239c3b0-b80c-4700-8abb-fd1557418982", "isDeleted:":"true", "version":"1673461109396"}}
{"logTime": "0205/014239", "correlationVector":"+xwWX7k0JyrMc/wIXmf/Z0.71","action":"GetUpdates", "result":"DeleteReceived", "context":{"id":"33c5891b-0d62-4680-a073-5505a5c49fa0", "isDeleted:":"true", "version":"1673461109397"}}
{"logTime": "0205/014239", "correlationVector":"+xwWX7k0JyrMc/wIXmf/Z0.72","action":"GetUpdates", "result":"DeleteReceived", "context":{"id":"0cadb806-d887-4fa5-934c-aedec0bbf678", "isDeleted:":"true", "version":"1673461109398"}}
{"logTime": "0205/014239", "correlationVector":"+xwWX7k0JyrMc/wIXmf/Z0.73","action":"GetUpdates", "result":"DeleteReceived", "context":{"id":"aa029c9d-ceaa-4644-91d9-b7ed80e18005", "isDeleted:":"true", "version":"1673461109399"}}
{"logTime": "0205/014239", "correlationVector":"+xwWX7k0JyrMc/wIXmf/Z0.74","action":"GetUpdates", "result":"DeleteReceived", "context":{"id":"d0420afb-8aae-45f2-922a-6961a6f29dce", "isDeleted:":"true", "version":"1673461109400"}}
{"logTime": "0205/014239", "correlationVector":"+xwWX7k0JyrMc/wIXmf/Z0.75","action":"GetUpdates", "result":"DeleteReceived", "context":{"id":"95866b77-cc35-48e4-9b84-5f6e0428da8e", "isDeleted:":"true", "version":"1673461109401"}}
{"logTime": "0205/014239", "correlationVector":"+xwWX7k0JyrMc/wIXmf/Z0.76","action":"GetUpdates", "result":"DeleteReceived", "context":{"id":"f52ce06f-35a1-4955-a3fd-4c1bc4e01145", "isDeleted:":"true", "version":"1673461109402"}}
{"logTime": "0205/014239", "correlationVector":"+xwWX7k0JyrMc/wIXmf/Z0.77","action":"GetUpdates", "result":"DeleteReceived", "context":{"id":"c43f07c2-4b87-4005-9c07-d0dfb66a3df1", "isDeleted:":"true", "version":"1673461109404"}}
{"logTime": "0205/014239", "correlationVector":"+xwWX7k0JyrMc/wIXmf/Z0.78","action":"GetUpdates", "result":"DeleteReceived", "context":{"id":"fd232558-6ae8-4737-8748-98be0a68c75c", "isDeleted:":"true", "version":"1673461109405"}}
{"logTime": "0205/014239", "correlationVector":"+xwWX7k0JyrMc/wIXmf/Z0.79","action":"GetUpdates", "result":"DeleteReceived", "context":{"id":"25d5aa18-f61c-43ef-b49f-8031520e1ff1", "isDeleted:":"true", "version":"1673461109406"}}
{"logTime": "0205/014239", "correlationVector":"+xwWX7k0JyrMc/wIXmf/Z0.80","action":"GetUpdates", "result":"DeleteReceived", "context":{"id":"6077f57e-3386-452d-b5c4-40ba1278ef76", "isDeleted:":"true", "version":"1673461109408"}}
{"logTime": "0205/014239", "correlationVector":"+xwWX7k0JyrMc/wIXmf/Z0.81","action":"GetUpdates", "result":"DeleteReceived", "context":{"id":"ccb1ac74-4929-41fb-bcef-b20ead9ee4f2", "isDeleted:":"true", "version":"1673461109409"}}
{"logTime": "0205/014239", "correlationVector":"+xwWX7k0JyrMc/wIXmf/Z0.82","action":"GetUpdates", "result":"DeleteReceived", "context":{"id":"2de46ad4-a81d-49a0-aedc-6de6f3a9f4cf", "isDeleted:":"true", "version":"1673533175442"}}
{"logTime": "0205/014239", "correlationVector":"+xwWX7k0JyrMc/wIXmf/Z0.83","action":"GetUpdates", "result":"DeleteReceived", "context":{"id":"8aa259b1-02da-4b1e-bde2-50daec27a204", "isDeleted:":"true", "version":"1673579903713"}}
{"logTime": "0205/014239", "correlationVector":"+xwWX7k0JyrMc/wIXmf/Z0.84","action":"GetUpdates", "result":"DeleteReceived", "context":{"id":"edcf466a-a619-48f2-bdb8-72f2d077d2f8", "isDeleted:":"true", "version":"1673921820905"}}
{"logTime": "0205/014239", "correlationVector":"+xwWX7k0JyrMc/wIXmf/Z0.85","action":"GetUpdates", "result":"DeleteReceived", "context":{"id":"15ba6545-976d-4af8-a3db-2dfa6860381d", "isDeleted:":"true", "version":"1673921820906"}}
{"logTime": "0205/014239", "correlationVector":"+xwWX7k0JyrMc/wIXmf/Z0.86","action":"GetUpdates", "result":"DeleteReceived", "context":{"id":"8814662f-48aa-4dab-9b68-92ab608be36d", "isDeleted:":"true", "version":"1673921930402"}}
{"logTime": "0205/014239", "correlationVector":"+xwWX7k0JyrMc/wIXmf/Z0.87","action":"GetUpdates", "result":"DeleteReceived", "context":{"id":"ff5769cf-d7ba-4b53-b152-70e2a1ebbc8a", "isDeleted:":"true", "version":"1673922096439"}}
{"logTime": "0205/014239", "correlationVector":"+xwWX7k0JyrMc/wIXmf/Z0.88","action":"GetUpdates", "result":"DeleteReceived", "context":{"id":"d26ee286-b336-4013-9b25-5da619e7b8b2", "isDeleted:":"true", "version":"1674444874420"}}
{"logTime": "0205/014239", "correlationVector":"+xwWX7k0JyrMc/wIXmf/Z0.89","action":"GetUpdates", "result":"DeleteReceived", "context":{"id":"08812578-9802-442a-b240-fe9503a15ef6", "isDeleted:":"true", "version":"1674444874421"}}
{"logTime": "0205/014239", "correlationVector":"+xwWX7k0JyrMc/wIXmf/Z0.90","action":"GetUpdates", "result":"DeleteReceived", "context":{"id":"aa833dff-b52c-4d5e-8324-56d6422ed0dc", "isDeleted:":"true", "version":"1674444874422"}}
{"logTime": "0205/014239", "correlationVector":"+xwWX7k0JyrMc/wIXmf/Z0.91","action":"GetUpdates", "result":"DeleteReceived", "context":{"id":"afc41f72-7a3a-4029-b510-6553e656edb9", "isDeleted:":"true", "version":"1674478661588"}}
{"logTime": "0205/014239", "correlationVector":"+xwWX7k0JyrMc/wIXmf/Z0.92","action":"GetUpdates", "result":"DeleteReceived", "context":{"id":"31587721-cf06-4b29-a7bc-30a17fc6c68d", "isDeleted:":"true", "version":"1674478661590"}}
{"logTime": "0205/014239", "correlationVector":"+xwWX7k0JyrMc/wIXmf/Z0.93","action":"GetUpdates", "result":"DeleteReceived", "context":{"id":"30076bae-2dee-4dcb-9195-d0a594a5cb8f", "isDeleted:":"true", "version":"1674478782314"}}
{"logTime": "0205/014239", "correlationVector":"+xwWX7k0JyrMc/wIXmf/Z0.94","action":"GetUpdates", "result":"DeleteReceived", "context":{"id":"eca2660e-982c-432b-b100-7c886ac11de6", "isDeleted:":"true", "version":"1674516149639"}}
{"logTime": "0205/014239", "correlationVector":"+xwWX7k0JyrMc/wIXmf/Z0.95","action":"GetUpdates", "result":"DeleteReceived", "context":{"id":"7d21c6b6-d7df-4229-9284-7d2235df7848", "isDeleted:":"true", "version":"1674519259655"}}
{"logTime": "0205/014239", "correlationVector":"+xwWX7k0JyrMc/wIXmf/Z0.96","action":"GetUpdates", "result":"DeleteReceived", "context":{"id":"ebab317f-ad61-47dc-8def-3e2ea812459e", "isDeleted:":"true", "version":"1674519259656"}}
{"logTime": "0205/014239", "correlationVector":"+xwWX7k0JyrMc/wIXmf/Z0.97","action":"GetUpdates", "result":"DeleteReceived", "context":{"id":"60903343-52b4-4477-a436-0420ca44a1b4", "isDeleted:":"true", "version":"1674519259657"}}
{"logTime": "0205/014239", "correlationVector":"+xwWX7k0JyrMc/wIXmf/Z0.98","action":"GetUpdates", "result":"DeleteReceived", "context":{"id":"34057ed3-0bcb-45e6-a5a9-bb59e5772cfb", "isDeleted:":"true", "version":"1674519259659"}}
{"logTime": "0205/014239", "correlationVector":"+xwWX7k0JyrMc/wIXmf/Z0.99","action":"GetUpdates", "result":"DeleteReceived", "context":{"id":"02dfdf38-3925-40f9-bb68-e3c71b32516c", "isDeleted:":"true", "version":"1674562373219"}}
{"logTime": "0205/014239", "correlationVector":"+xwWX7k0JyrMc/wIXmf/Z0.100","action":"GetUpdates", "result":"DeleteReceived", "context":{"id":"d1c38cec-c5bc-43c6-88f9-ddc55effa942", "isDeleted:":"true", "version":"1674562373220"}}
{"logTime": "0205/014239", "correlationVector":"+xwWX7k0JyrMc/wIXmf/Z0.101","action":"GetUpdates", "result":"DeleteReceived", "context":{"id":"edca2e2c-0636-4447-b6b7-613bd1fe1b94", "isDeleted:":"true", "version":"1674562373221"}}
{"logTime": "0205/014239", "correlationVector":"+xwWX7k0JyrMc/wIXmf/Z0.102","action":"GetUpdates", "result":"DeleteReceived", "context":{"id":"b566499d-6afe-4ae0-b224-0a955fe26102", "isDeleted:":"true", "version":"1674562373225"}}
{"logTime": "0205/014239", "correlationVector":"+xwWX7k0JyrMc/wIXmf/Z0.103","action":"GetUpdates", "result":"DeleteReceived", "context":{"id":"a2a7caf9-89df-4675-a9b0-96a7f8c6860b", "isDeleted:":"true", "version":"1674562408908"}}
{"logTime": "0205/014239", "correlationVector":"+xwWX7k0JyrMc/wIXmf/Z0.104","action":"GetUpdates", "result":"DeleteReceived", "context":{"id":"1b24e3a0-c9cb-4452-a706-c6da67fcb434", "isDeleted:":"true", "version":"1674563954427"}}
{"logTime": "0205/014239", "correlationVector":"+xwWX7k0JyrMc/wIXmf/Z0.105","action":"GetUpdates", "result":"DeleteReceived", "context":{"id":"75c6421b-10ea-4b9e-9d6d-5436a2e7383f", "isDeleted:":"true", "version":"1674563954428"}}
{"logTime": "0205/014239", "correlationVector":"+xwWX7k0JyrMc/wIXmf/Z0.106","action":"GetUpdates", "result":"DeleteReceived", "context":{"id":"8f463954-22ec-4e23-80d1-a4b5c3de1a78", "isDeleted:":"true", "version":"1674593341509"}}
{"logTime": "0205/014239", "correlationVector":"+xwWX7k0JyrMc/wIXmf/Z0.107","action":"GetUpdates", "result":"DeleteReceived", "context":{"id":"97e78f31-8c9d-4fd7-b5c8-0ca56c5012a6", "isDeleted:":"true", "version":"1674596473780"}}
{"logTime": "0205/014239", "correlationVector":"+xwWX7k0JyrMc/wIXmf/Z0.108","action":"GetUpdates", "result":"DeleteReceived", "context":{"id":"7e7b9f9c-f0da-4b83-8904-86a657e33d92", "isDeleted:":"true", "version":"1674596522551"}}
{"logTime": "0205/014239", "correlationVector":"+xwWX7k0JyrMc/wIXmf/Z0.109","action":"GetUpdates", "result":"DeleteReceived", "context":{"id":"60da9bda-d93d-4d76-90d0-5af815ad22fe", "isDeleted:":"true", "version":"1674602364421"}}
{"logTime": "0205/014239", "correlationVector":"+xwWX7k0JyrMc/wIXmf/Z0.110","action":"GetUpdates", "result":"DeleteReceived", "context":{"id":"dfd69ea1-5cd0-4e72-bb61-c7dcab43327b", "isDeleted:":"true", "version":"1674602364422"}}
{"logTime": "0205/014239", "correlationVector":"+xwWX7k0JyrMc/wIXmf/Z0.111","action":"GetUpdates", "result":"DeleteReceived", "context":{"id":"9a2b84a2-dcee-4dce-b5e6-04bf9067709c", "isDeleted:":"true", "version":"1674602364423"}}
{"logTime": "0205/014239", "correlationVector":"+xwWX7k0JyrMc/wIXmf/Z0.112","action":"GetUpdates", "result":"DeleteReceived", "context":{"id":"43e83a39-72b5-433f-acbc-df24b46e165f", "isDeleted:":"true", "version":"1674602364424"}}
{"logTime": "0205/014239", "correlationVector":"+xwWX7k0JyrMc/wIXmf/Z0.113","action":"GetUpdates", "result":"DeleteReceived", "context":{"id":"73ca65f2-5203-471f-87c2-62571ee46b8e", "isDeleted:":"true", "version":"1674602364426"}}
{"logTime": "0205/014239", "correlationVector":"+xwWX7k0JyrMc/wIXmf/Z0.114","action":"GetUpdates", "result":"DeleteReceived", "context":{"id":"baf3edc5-66cb-4f2b-8e0e-a014a18f9ece", "isDeleted:":"true", "version":"1674602364427"}}
{"logTime": "0205/014239", "correlationVector":"+xwWX7k0JyrMc/wIXmf/Z0.115","action":"GetUpdates", "result":"DeleteReceived", "context":{"id":"d8d169ea-8f51-4aee-9342-9cb7b70fd01c", "isDeleted:":"true", "version":"1674602364428"}}
{"logTime": "0205/014239", "correlationVector":"+xwWX7k0JyrMc/wIXmf/Z0.116","action":"GetUpdates", "result":"DeleteReceived", "context":{"id":"9b39db26-7e1a-4df4-ab28-b3397d2bde40", "isDeleted:":"true", "version":"1674606040331"}}
{"logTime": "0205/014239", "correlationVector":"+xwWX7k0JyrMc/wIXmf/Z0.117","action":"GetUpdates", "result":"DeleteReceived", "context":{"id":"a17d9795-9de8-4039-9e7a-cd18431a390c", "isDeleted:":"true", "version":"1674612231740"}}
{"logTime": "0205/014239", "correlationVector":"+xwWX7k0JyrMc/wIXmf/Z0.118","action":"GetUpdates", "result":"DeleteReceived", "context":{"id":"3f58d9e7-e787-425e-9f2b-bf292c077609", "isDeleted:":"true", "version":"1674755472625"}}
{"logTime": "0205/014239", "correlationVector":"+xwWX7k0JyrMc/wIXmf/Z0.119","action":"GetUpdates", "result":"DeleteReceived", "context":{"id":"638c0822-571b-4f7e-bcfc-423ebbfb9e19", "isDeleted:":"true", "version":"1674755472627"}}
{"logTime": "0205/014239", "correlationVector":"+xwWX7k0JyrMc/wIXmf/Z0.120","action":"GetUpdates", "result":"DeleteReceived", "context":{"id":"708bb3c0-c32c-420d-8074-d36316ad865a", "isDeleted:":"true", "version":"1674755472628"}}
{"logTime": "0205/014239", "correlationVector":"+xwWX7k0JyrMc/wIXmf/Z0.121","action":"GetUpdates", "result":"DeleteReceived", "context":{"id":"4204b8d8-77b4-4e22-acd3-50040b22c83f", "isDeleted:":"true", "version":"1674755472629"}}
{"logTime": "0205/014239", "correlationVector":"+xwWX7k0JyrMc/wIXmf/Z0.122","action":"GetUpdates", "result":"DeleteReceived", "context":{"id":"682effd0-2ee6-49f4-8be2-5c4a23c74087", "isDeleted:":"true", "version":"1674755472631"}}
{"logTime": "0205/014239", "correlationVector":"+xwWX7k0JyrMc/wIXmf/Z0.123","action":"GetUpdates", "result":"DeleteReceived", "context":{"id":"c9e8131d-f518-4f62-9923-512d517008f5", "isDeleted:":"true", "version":"1674755472632"}}
{"logTime": "0205/014239", "correlationVector":"+xwWX7k0JyrMc/wIXmf/Z0.124","action":"GetUpdates", "result":"DeleteReceived", "context":{"id":"9c3c5b30-4451-46a0-a682-8889938f50cc", "isDeleted:":"true", "version":"1674755472633"}}
{"logTime": "0205/014239", "correlationVector":"+xwWX7k0JyrMc/wIXmf/Z0.125","action":"GetUpdates", "result":"DeleteReceived", "context":{"id":"ea286884-23d3-4172-bf47-e28ce6654a0b", "isDeleted:":"true", "version":"1674755472634"}}
{"logTime": "0205/014239", "correlationVector":"+xwWX7k0JyrMc/wIXmf/Z0.126","action":"GetUpdates", "result":"DeleteReceived", "context":{"id":"3c39e3e1-2855-4e3a-bbb3-3c12eb2d3614", "isDeleted:":"true", "version":"1674755472638"}}
{"logTime": "0205/014239", "correlationVector":"+xwWX7k0JyrMc/wIXmf/Z0.127","action":"GetUpdates", "result":"DeleteReceived", "context":{"id":"c0770b09-8972-428b-940c-87a06c122c83", "isDeleted:":"true", "version":"1674755472639"}}
{"logTime": "0205/014239", "correlationVector":"+xwWX7k0JyrMc/wIXmf/Z0.128","action":"GetUpdates", "result":"DeleteReceived", "context":{"id":"9691765a-4bfc-4c9f-a6db-a9bf3754c06a", "isDeleted:":"true", "version":"1674768151054"}}
{"logTime": "0205/014239", "correlationVector":"+xwWX7k0JyrMc/wIXmf/Z0.129","action":"GetUpdates", "result":"DeleteReceived", "context":{"id":"59deffec-7d0e-4209-8f6c-96bd81f9b822", "isDeleted:":"true", "version":"1674768151055"}}
{"logTime": "0205/014239", "correlationVector":"+xwWX7k0JyrMc/wIXmf/Z0.130","action":"GetUpdates", "result":"DeleteReceived", "context":{"id":"94af000b-d98a-49fc-bde0-d4f8ea1e64a0", "isDeleted:":"true", "version":"1674768151056"}}
{"logTime": "0205/014239", "correlationVector":"+xwWX7k0JyrMc/wIXmf/Z0.131","action":"GetUpdates", "result":"DeleteReceived", "context":{"id":"14fd8211-d048-43b5-89ad-5e967225e97c", "isDeleted:":"true", "version":"1674768151057"}}
{"logTime": "0205/014239", "correlationVector":"+xwWX7k0JyrMc/wIXmf/Z0.132","action":"GetUpdates", "result":"DeleteReceived", "context":{"id":"ba4557b3-3af3-407d-82c7-267ac8b0eedc", "isDeleted:":"true", "version":"1674775875246"}}
{"logTime": "0205/014239", "correlationVector":"+xwWX7k0JyrMc/wIXmf/Z0.133","action":"GetUpdates", "result":"DeleteReceived", "context":{"id":"d0913486-be2e-4ae5-b361-7ae4457b364f", "isDeleted:":"true", "version":"1674779255857"}}
{"logTime": "0205/014239", "correlationVector":"+xwWX7k0JyrMc/wIXmf/Z0.134","action":"GetUpdates", "result":"DeleteReceived", "context":{"id":"35457bea-f072-4fc6-a21e-f3208c8d3552", "isDeleted:":"true", "version":"1674781733062"}}
{"logTime": "0205/014239", "correlationVector":"+xwWX7k0JyrMc/wIXmf/Z0.135","action":"GetUpdates", "result":"DeleteReceived", "context":{"id":"58136869-3941-406c-8e0c-94b1787d8d2c", "isDeleted:":"true", "version":"1674781733063"}}
{"logTime": "0205/014239", "correlationVector":"+xwWX7k0JyrMc/wIXmf/Z0.136","action":"GetUpdates", "result":"DeleteReceived", "context":{"id":"b9498394-d9ea-46f4-a2de-05525416f89f", "isDeleted:":"true", "version":"1674781733064"}}
{"logTime": "0205/014239", "correlationVector":"+xwWX7k0JyrMc/wIXmf/Z0.137","action":"GetUpdates", "result":"DeleteReceived", "context":{"id":"e8587de6-4768-47a4-8860-8bd43e0a6155", "isDeleted:":"true", "version":"1674781733065"}}
{"logTime": "0205/014239", "correlationVector":"+xwWX7k0JyrMc/wIXmf/Z0.138","action":"GetUpdates", "result":"DeleteReceived", "context":{"id":"ce302c95-6e11-48c3-b0c3-7fbd13070b5e", "isDeleted:":"true", "version":"1674781733067"}}
{"logTime": "0205/014239", "correlationVector":"+xwWX7k0JyrMc/wIXmf/Z0.139","action":"GetUpdates", "result":"DeleteReceived", "context":{"id":"bea7f0a1-b389-4130-b529-e32f4c4ccd24", "isDeleted:":"true", "version":"1674781733068"}}
{"logTime": "0205/014239", "correlationVector":"+xwWX7k0JyrMc/wIXmf/Z0.140","action":"GetUpdates", "result":"DeleteReceived", "context":{"id":"16680d28-3437-428d-abe7-e73d48168c03", "isDeleted:":"true", "version":"1674782480819"}}
{"logTime": "0205/014239", "correlationVector":"+xwWX7k0JyrMc/wIXmf/Z0.141","action":"GetUpdates", "result":"DeleteReceived", "context":{"id":"cdcf85c4-ec44-461c-ae78-528b01011070", "isDeleted:":"true", "version":"1674784005889"}}
{"logTime": "0205/014239", "correlationVector":"+xwWX7k0JyrMc/wIXmf/Z0.142","action":"GetUpdates", "result":"DeleteReceived", "context":{"id":"a60e72c9-e2f0-4fed-a1ac-d8368f894500", "isDeleted:":"true", "version":"1674784005890"}}
{"logTime": "0205/014239", "correlationVector":"+xwWX7k0JyrMc/wIXmf/Z0.143","action":"GetUpdates", "result":"DeleteReceived", "context":{"id":"901fd87e-b35a-4b6c-8e4d-436a2ca08dfb", "isDeleted:":"true", "version":"1674784005891"}}
{"logTime": "0205/014239", "correlationVector":"+xwWX7k0JyrMc/wIXmf/Z0.144","action":"GetUpdates", "result":"DeleteReceived", "context":{"id":"d762188e-9636-4b52-958b-ad02f90d669c", "isDeleted:":"true", "version":"1674784005893"}}
{"logTime": "0205/014239", "correlationVector":"+xwWX7k0JyrMc/wIXmf/Z0.145","action":"GetUpdates", "result":"DeleteReceived", "context":{"id":"ed2cf13f-071f-4f82-af60-616d1c5c3b30", "isDeleted:":"true", "version":"1674784005894"}}
{"logTime": "0205/014239", "correlationVector":"+xwWX7k0JyrMc/wIXmf/Z0.146","action":"GetUpdates", "result":"DeleteReceived", "context":{"id":"57b395ca-7e8f-427a-8e85-69edb0df265b", "isDeleted:":"true", "version":"1674784005896"}}
{"logTime": "0205/014239", "correlationVector":"+xwWX7k0JyrMc/wIXmf/Z0.147","action":"GetUpdates", "result":"DeleteReceived", "context":{"id":"0121f89f-e54c-4dd3-bbe0-d5c684b3004f", "isDeleted:":"true", "version":"1674784877561"}}
{"logTime": "0205/014239", "correlationVector":"+xwWX7k0JyrMc/wIXmf/Z0.148","action":"GetUpdates", "result":"DeleteReceived", "context":{"id":"ac3e4395-c112-41c6-9812-fa58a872a2fb", "isDeleted:":"true", "version":"1674788850408"}}
{"logTime": "0205/014239", "correlationVector":"+xwWX7k0JyrMc/wIXmf/Z0.149","action":"GetUpdates", "result":"DeleteReceived", "context":{"id":"39c8c540-3daf-4617-9bf0-88d51f83cdbc", "isDeleted:":"true", "version":"1674794287742"}}
{"logTime": "0205/014239", "correlationVector":"+xwWX7k0JyrMc/wIXmf/Z0.150","action":"GetUpdates", "result":"DeleteReceived", "context":{"id":"c40424a9-a103-4413-bde6-b802d7670e2f", "isDeleted:":"true", "version":"1674794287743"}}
{"logTime": "0205/014239", "correlationVector":"+xwWX7k0JyrMc/wIXmf/Z0.151","action":"GetUpdates", "result":"DeleteReceived", "context":{"id":"4e70e615-682e-4be5-b6f1-8f303b7e1606", "isDeleted:":"true", "version":"1674794287745"}}
{"logTime": "0205/014239", "correlationVector":"+xwWX7k0JyrMc/wIXmf/Z0.152","action":"GetUpdates", "result":"DeleteReceived", "context":{"id":"8ac34ff0-5de5-445a-af43-1d190724b125", "isDeleted:":"true", "version":"1674825864103"}}
{"logTime": "0205/014239", "correlationVector":"+xwWX7k0JyrMc/wIXmf/Z0.153","action":"GetUpdates", "result":"DeleteReceived", "context":{"id":"80dc6554-7d2b-44c3-982a-11f95d7fb1e4", "isDeleted:":"true", "version":"1674825864104"}}
{"logTime": "0205/014239", "correlationVector":"+xwWX7k0JyrMc/wIXmf/Z0.154","action":"GetUpdates", "result":"DeleteReceived", "context":{"id":"1cc3bd7e-17c7-488e-a7e3-50bdd705c1e8", "isDeleted:":"true", "version":"1674825864105"}}
{"logTime": "0205/014239", "correlationVector":"+xwWX7k0JyrMc/wIXmf/Z0.155","action":"GetUpdates", "result":"DeleteReceived", "context":{"id":"756d296b-ccff-48f4-ad62-83317e525bd0", "isDeleted:":"true", "version":"1674825864106"}}
{"logTime": "0205/014239", "correlationVector":"+xwWX7k0JyrMc/wIXmf/Z0.156","action":"GetUpdates", "result":"DeleteReceived", "context":{"id":"4219fb8e-d04f-4586-b42b-db489c5c15d2", "isDeleted:":"true", "version":"1674825864107"}}
{"logTime": "0205/014239", "correlationVector":"+xwWX7k0JyrMc/wIXmf/Z0.157","action":"GetUpdates", "result":"DeleteReceived", "context":{"id":"ec093287-636b-4393-a7c5-463596c485b7", "isDeleted:":"true", "version":"1674825864108"}}
{"logTime": "0205/014239", "correlationVector":"+xwWX7k0JyrMc/wIXmf/Z0.158","action":"GetUpdates", "result":"DeleteReceived", "context":{"id":"f27fa561-c9ff-463a-90b5-155a916b6579", "isDeleted:":"true", "version":"1674825864109"}}
{"logTime": "0205/014239", "correlationVector":"+xwWX7k0JyrMc/wIXmf/Z0.159","action":"GetUpdates", "result":"DeleteReceived", "context":{"id":"6a20e665-81ea-4b69-901b-acd0d6ffaa67", "isDeleted:":"true", "version":"1674825864110"}}
{"logTime": "0205/014239", "correlationVector":"+xwWX7k0JyrMc/wIXmf/Z0.160","action":"GetUpdates", "result":"DeleteReceived", "context":{"id":"85f34f7c-6163-4225-a21e-66773c80ef95", "isDeleted:":"true", "version":"1674825864111"}}
{"logTime": "0205/014239", "correlationVector":"+xwWX7k0JyrMc/wIXmf/Z0.161","action":"GetUpdates", "result":"DeleteReceived", "context":{"id":"e8c1a03a-126d-4d12-92ab-0c31c7a48a9b", "isDeleted:":"true", "version":"1674825864112"}}
{"logTime": "0205/014239", "correlationVector":"+xwWX7k0JyrMc/wIXmf/Z0.162","action":"GetUpdates", "result":"DeleteReceived", "context":{"id":"e8a46e82-cf5a-412e-8ee4-caaabe26724b", "isDeleted:":"true", "version":"1674825864113"}}
{"logTime": "0205/014239", "correlationVector":"+xwWX7k0JyrMc/wIXmf/Z0.163","action":"GetUpdates", "result":"DeleteReceived", "context":{"id":"f8d40100-f0fd-4c35-8b52-86052db3eb5c", "isDeleted:":"true", "version":"1674825864114"}}
{"logTime": "0205/014239", "correlationVector":"+xwWX7k0JyrMc/wIXmf/Z0.164","action":"GetUpdates", "result":"DeleteReceived", "context":{"id":"b59ce2f8-8f36-436d-9fa8-10982e9f3bda", "isDeleted:":"true", "version":"1674825864115"}}
{"logTime": "0205/014239", "correlationVector":"+xwWX7k0JyrMc/wIXmf/Z0.165","action":"GetUpdates", "result":"DeleteReceived", "context":{"id":"b224e506-a07a-4cb3-b64b-93c2041f648c", "isDeleted:":"true", "version":"1674825864116"}}
{"logTime": "0205/014239", "correlationVector":"+xwWX7k0JyrMc/wIXmf/Z0.166","action":"GetUpdates", "result":"DeleteReceived", "context":{"id":"6cf68b35-3713-46e0-9501-debfcd964201", "isDeleted:":"true", "version":"1674825864118"}}
{"logTime": "0205/014239", "correlationVector":"+xwWX7k0JyrMc/wIXmf/Z0.167","action":"GetUpdates", "result":"DeleteReceived", "context":{"id":"2b9b3bbf-c01b-4e64-b9a3-5e9ae5b87ff6", "isDeleted:":"true", "version":"1674825864119"}}
{"logTime": "0205/014239", "correlationVector":"+xwWX7k0JyrMc/wIXmf/Z0.168","action":"GetUpdates", "result":"DeleteReceived", "context":{"id":"c932ec84-dde4-48a2-849a-64a9af869546", "isDeleted:":"true", "version":"1674913969828"}}
{"logTime": "0205/014239", "correlationVector":"+xwWX7k0JyrMc/wIXmf/Z0.169","action":"GetUpdates", "result":"DeleteReceived", "context":{"id":"36d29f2e-a04d-44c7-98ba-653f2e0cd57b", "isDeleted:":"true", "version":"1674942757657"}}
{"logTime": "0205/014239", "correlationVector":"+xwWX7k0JyrMc/wIXmf/Z0.170","action":"GetUpdates", "result":"DeleteReceived", "context":{"id":"5b89cd5a-76f6-4da7-93ad-cad08e062693", "isDeleted:":"true", "version":"1674942757658"}}
{"logTime": "0205/014239", "correlationVector":"+xwWX7k0JyrMc/wIXmf/Z0.171","action":"GetUpdates", "result":"DeleteReceived", "context":{"id":"37a0dea7-4bf5-469f-8adc-2a9f7157774f", "isDeleted:":"true", "version":"1674942757659"}}
{"logTime": "0205/014239", "correlationVector":"+xwWX7k0JyrMc/wIXmf/Z0.172","action":"GetUpdates", "result":"DeleteReceived", "context":{"id":"36f5e5a4-c2cd-4fa1-a233-40c6811b8efc", "isDeleted:":"true", "version":"1674942757660"}}
{"logTime": "0205/014239", "correlationVector":"+xwWX7k0JyrMc/wIXmf/Z0.173","action":"GetUpdates", "result":"DeleteReceived", "context":{"id":"d7b73c9d-50ee-4e53-938c-eeecb2e0cde1", "isDeleted:":"true", "version":"1674942757661"}}
{"logTime": "0205/014239", "correlationVector":"+xwWX7k0JyrMc/wIXmf/Z0.174","action":"GetUpdates", "result":"DeleteReceived", "context":{"id":"17907ac6-f2b2-418d-93a6-fe982da840f2", "isDeleted:":"true", "version":"1674942757663"}}
{"logTime": "0205/014239", "correlationVector":"+xwWX7k0JyrMc/wIXmf/Z0.175","action":"GetUpdates", "result":"DeleteReceived", "context":{"id":"477ab6be-a9bb-45ab-933d-f0a48576534b", "isDeleted:":"true", "version":"1674942757664"}}
{"logTime": "0205/014239", "correlationVector":"+xwWX7k0JyrMc/wIXmf/Z0.176","action":"GetUpdates", "result":"DeleteReceived", "context":{"id":"621b70de-9716-4ed0-b4ad-82ac0ff151a6", "isDeleted:":"true", "version":"1675136101984"}}
{"logTime": "0205/014239", "correlationVector":"+xwWX7k0JyrMc/wIXmf/Z0.177","action":"GetUpdates", "result":"DeleteReceived", "context":{"id":"2159ffc1-1ab5-4b8c-b9cd-897152fabbe2", "isDeleted:":"true", "version":"1675195177710"}}
{"logTime": "0205/014239", "correlationVector":"+xwWX7k0JyrMc/wIXmf/Z0.178","action":"GetUpdates", "result":"DeleteReceived", "context":{"id":"35229249-2a2c-4d4e-bf7a-b1873678dbfd", "isDeleted:":"true", "version":"1675195177711"}}
{"logTime": "0205/014239", "correlationVector":"+xwWX7k0JyrMc/wIXmf/Z0.179","action":"GetUpdates", "result":"DeleteReceived", "context":{"id":"7d3fc2bc-d3c4-4aeb-962b-ca660240b4d6", "isDeleted:":"true", "version":"1675195177712"}}
{"logTime": "0205/014239", "correlationVector":"+xwWX7k0JyrMc/wIXmf/Z0.180","action":"GetUpdates", "result":"DeleteReceived", "context":{"id":"6952c2bf-5094-4d91-bc66-a8f02799e2a3", "isDeleted:":"true", "version":"1675195177713"}}
{"logTime": "0205/014239", "correlationVector":"+xwWX7k0JyrMc/wIXmf/Z0.181","action":"GetUpdates", "result":"DeleteReceived", "context":{"id":"cb2dd8cc-7eb6-4cee-96e8-138a2b1e8500", "isDeleted:":"true", "version":"1675195177714"}}
{"logTime": "0205/014239", "correlationVector":"+xwWX7k0JyrMc/wIXmf/Z0.182","action":"GetUpdates", "result":"DeleteReceived", "context":{"id":"28b68189-fab0-4492-9c3c-de52ea4a6ea8", "isDeleted:":"true", "version":"1675195177715"}}
{"logTime": "0205/014239", "correlationVector":"+xwWX7k0JyrMc/wIXmf/Z0.183","action":"GetUpdates", "result":"DeleteReceived", "context":{"id":"ec9e3dc9-17d3-4a08-aa77-af2f95d23e45", "isDeleted:":"true", "version":"1675195177716"}}
{"logTime": "0205/014239", "correlationVector":"+xwWX7k0JyrMc/wIXmf/Z0.184","action":"GetUpdates", "result":"DeleteReceived", "context":{"id":"c26ad521-f4e0-4a92-b1e1-d6ab381788bc", "isDeleted:":"true", "version":"1675195177717"}}
{"logTime": "0205/014239", "correlationVector":"+xwWX7k0JyrMc/wIXmf/Z0.185","action":"GetUpdates", "result":"DeleteReceived", "context":{"id":"7a32b68a-09b6-4ec7-9228-9260a1b0dd8d", "isDeleted:":"true", "version":"1675195177719"}}
{"logTime": "0205/014239", "correlationVector":"+xwWX7k0JyrMc/wIXmf/Z0.186","action":"GetUpdates", "result":"DeleteReceived", "context":{"id":"181508e2-a7c4-42dc-8766-2ca121474de2", "isDeleted:":"true", "version":"1675195177720"}}
{"logTime": "0205/014239", "correlationVector":"+xwWX7k0JyrMc/wIXmf/Z0.187","action":"GetUpdates", "result":"DeleteReceived", "context":{"id":"d61750b5-35a2-42b2-9af2-b13e779375ce", "isDeleted:":"true", "version":"1675195177722"}}
{"logTime": "0205/014239", "correlationVector":"+xwWX7k0JyrMc/wIXmf/Z0.188","action":"GetUpdates", "result":"DeleteReceived", "context":{"id":"5a8b9a35-2921-431d-80b8-449a112c259b", "isDeleted:":"true", "version":"1675195177723"}}
{"logTime": "0205/014239", "correlationVector":"+xwWX7k0JyrMc/wIXmf/Z0.189","action":"GetUpdates", "result":"DeleteReceived", "context":{"id":"4554572b-1d84-4978-9069-73f0bd61a55d", "isDeleted:":"true", "version":"1675210430343"}}
{"logTime": "0205/014239", "correlationVector":"+xwWX7k0JyrMc/wIXmf/Z0.190","action":"GetUpdates", "result":"DeleteReceived", "context":{"id":"b36de5fd-9bae-4cfb-a348-6c9d4a8c8a33", "isDeleted:":"true", "version":"1675210529910"}}
{"logTime": "0205/014239", "correlationVector":"+xwWX7k0JyrMc/wIXmf/Z0.191","action":"GetUpdates", "result":"DeleteReceived", "context":{"id":"27b0f725-0ec9-457f-b7ee-87dcb46f842d", "isDeleted:":"true", "version":"1675211205998"}}
{"logTime": "0205/014239", "correlationVector":"+xwWX7k0JyrMc/wIXmf/Z0.192","action":"GetUpdates", "result":"DeleteReceived", "context":{"id":"73709c9c-a999-4ee4-bab1-7038aa237b5f", "isDeleted:":"true", "version":"1675213593991"}}
{"logTime": "0205/014239", "correlationVector":"+xwWX7k0JyrMc/wIXmf/Z0.193","action":"GetUpdates", "result":"DeleteReceived", "context":{"id":"34c8663e-809f-4793-8963-59911651250b", "isDeleted:":"true", "version":"1675213786831"}}
{"logTime": "0205/014239", "correlationVector":"+xwWX7k0JyrMc/wIXmf/Z0.194","action":"GetUpdates", "result":"DeleteReceived", "context":{"id":"d63a495f-31c0-4179-95bf-b74092ee148b", "isDeleted:":"true", "version":"1675299613348"}}
{"logTime": "0205/014239", "correlationVector":"+xwWX7k0JyrMc/wIXmf/Z0.195","action":"GetUpdates", "result":"DeleteReceived", "context":{"id":"f3802b33-103b-4fce-b9c2-05683e229586", "isDeleted:":"true", "version":"1675299613349"}}
{"logTime": "0205/014239", "correlationVector":"+xwWX7k0JyrMc/wIXmf/Z0.196","action":"GetUpdates", "result":"DeleteReceived", "context":{"id":"f1ca5c52-e2e5-43c0-b44f-b80175ef8884", "isDeleted:":"true", "version":"1675301365439"}}
{"logTime": "0205/014239", "correlationVector":"+xwWX7k0JyrMc/wIXmf/Z0.197","action":"GetUpdates", "result":"DeleteReceived", "context":{"id":"1f5e3608-e64d-45ca-9f72-02aa25603420", "isDeleted:":"true", "version":"1675345017091"}}
{"logTime": "0205/014239", "correlationVector":"+xwWX7k0JyrMc/wIXmf/Z0.198","action":"GetUpdates", "result":"DeleteReceived", "context":{"id":"c96909a8-2395-4b41-bfac-c1cb496b2995", "isDeleted:":"true", "version":"1675345017092"}}
{"logTime": "0205/014239", "correlationVector":"+xwWX7k0JyrMc/wIXmf/Z0.199","action":"GetUpdates", "result":"DeleteReceived", "context":{"id":"ef0c47db-9080-42a6-9dad-d9bd3a308b40", "isDeleted:":"true", "version":"1675345017094"}}
{"logTime": "0205/014239", "correlationVector":"+xwWX7k0JyrMc/wIXmf/Z0.200","action":"GetUpdates", "result":"DeleteReceived", "context":{"id":"ccc80bce-9a5c-4bb0-8f01-4cc626c64707", "isDeleted:":"true", "version":"1675345017095"}}
{"logTime": "0205/014239", "correlationVector":"+xwWX7k0JyrMc/wIXmf/Z0.201","action":"GetUpdates", "result":"DeleteReceived", "context":{"id":"016c6e3c-fe11-43a6-9aad-4072ce789ae1", "isDeleted:":"true", "version":"1675345017096"}}
{"logTime": "0205/014239", "correlationVector":"+xwWX7k0JyrMc/wIXmf/Z0.202","action":"GetUpdates", "result":"DeleteReceived", "context":{"id":"aeaca90e-7c66-4c01-bd1c-9d07e1b8d7f1", "isDeleted:":"true", "version":"1675345017097"}}
{"logTime": "0205/014239", "correlationVector":"+xwWX7k0JyrMc/wIXmf/Z0.203","action":"GetUpdates", "result":"DeleteReceived", "context":{"id":"85ed26e6-4b34-4917-8eac-2d022ad239de", "isDeleted:":"true", "version":"1675345017099"}}
{"logTime": "0205/014239", "correlationVector":"+xwWX7k0JyrMc/wIXmf/Z0.204","action":"GetUpdates", "result":"DeleteReceived", "context":{"id":"6b3db345-33c5-44c5-8733-2b63f8319367", "isDeleted:":"true", "version":"1675345017100"}}
{"logTime": "0205/014239", "correlationVector":"+xwWX7k0JyrMc/wIXmf/Z0.205","action":"GetUpdates", "result":"DeleteReceived", "context":{"id":"5e291095-1150-42cd-9d3e-69ff9ac588d6", "isDeleted:":"true", "version":"1675379549699"}}
{"logTime": "0205/014239", "correlationVector":"+xwWX7k0JyrMc/wIXmf/Z0.206","action":"GetUpdates", "result":"DeleteReceived", "context":{"id":"7840c3c9-47aa-447b-b2c2-08d058a95d2f", "isDeleted:":"true", "version":"1675379588806"}}
{"logTime": "0205/014239", "correlationVector":"+xwWX7k0JyrMc/wIXmf/Z0.207","action":"GetUpdates", "result":"DeleteReceived", "context":{"id":"f773bf48-506c-496c-9c57-7732ff38d68d", "isDeleted:":"true", "version":"1675386138313"}}
{"logTime": "0205/014239", "correlationVector":"+xwWX7k0JyrMc/wIXmf/Z0.208","action":"GetUpdates", "result":"DeleteReceived", "context":{"id":"3fdb509b-4751-4430-a33f-3ce3fa3cda99", "isDeleted:":"true", "version":"1675435286048"}}
{"logTime": "0205/014239", "correlationVector":"+xwWX7k0JyrMc/wIXmf/Z0.209","action":"GetUpdates", "result":"DeleteReceived", "context":{"id":"1ddaa3c9-e09b-4e43-aece-aa7b6c2f0c19", "isDeleted:":"true", "version":"1675435286049"}}
{"logTime": "0205/014239", "correlationVector":"+xwWX7k0JyrMc/wIXmf/Z0.210","action":"GetUpdates", "result":"DeleteReceived", "context":{"id":"aa6560fb-e6ac-4630-a00b-06012e01c4a2", "isDeleted:":"true", "version":"1675435286050"}}
{"logTime": "0205/014239", "correlationVector":"+xwWX7k0JyrMc/wIXmf/Z0.211","action":"GetUpdates", "result":"DeleteReceived", "context":{"id":"5e943283-7017-4dca-bdde-583cc5139fa0", "isDeleted:":"true", "version":"1675435286051"}}
{"logTime": "0205/014239", "correlationVector":"+xwWX7k0JyrMc/wIXmf/Z0.212","action":"GetUpdates", "result":"DeleteReceived", "context":{"id":"f39776fc-2223-4dce-8474-60e8df51cf94", "isDeleted:":"true", "version":"1675435286053"}}
{"logTime": "0205/014239", "correlationVector":"+xwWX7k0JyrMc/wIXmf/Z0.213","action":"GetUpdates", "result":"DeleteReceived", "context":{"id":"40eabff5-65ac-45e4-84ad-4d28a8985dd8", "isDeleted:":"true", "version":"1675435286054"}}
{"logTime": "0205/014239", "correlationVector":"+xwWX7k0JyrMc/wIXmf/Z0.214","action":"GetUpdates", "result":"DeleteReceived", "context":{"id":"8c757fe2-6f9e-49bf-a38e-0232409162f5", "isDeleted:":"true", "version":"1675435286055"}}
{"logTime": "0205/014239", "correlationVector":"+xwWX7k0JyrMc/wIXmf/Z0.215","action":"GetUpdates", "result":"DeleteReceived", "context":{"id":"22d49835-dcd0-491a-b94f-141fbb557bed", "isDeleted:":"true", "version":"1675435286056"}}
{"logTime": "0205/014239", "correlationVector":"+xwWX7k0JyrMc/wIXmf/Z0.216","action":"GetUpdates", "result":"DeleteReceived", "context":{"id":"4be161ac-827b-4ca4-acf7-f0d9eb50d863", "isDeleted:":"true", "version":"1675435286057"}}
{"logTime": "0205/014239", "correlationVector":"+xwWX7k0JyrMc/wIXmf/Z0.217","action":"GetUpdates", "result":"DeleteReceived", "context":{"id":"9f8463c4-eec5-45fe-adaf-810f8b37e8ea", "isDeleted:":"true", "version":"1675435286058"}}
{"logTime": "0205/014239", "correlationVector":"+xwWX7k0JyrMc/wIXmf/Z0.218","action":"GetUpdates", "result":"DeleteReceived", "context":{"id":"685b1e65-1d8c-49ac-a8eb-b4e1c752204c", "isDeleted:":"true", "version":"1675435286059"}}
{"logTime": "0205/014239", "correlationVector":"+xwWX7k0JyrMc/wIXmf/Z0.219","action":"GetUpdates", "result":"DeleteReceived", "context":{"id":"718f8377-a5b5-47d8-a46d-0946cb79c207", "isDeleted:":"true", "version":"1675435286060"}}
{"logTime": "0205/014239", "correlationVector":"+xwWX7k0JyrMc/wIXmf/Z0.220","action":"GetUpdates", "result":"DeleteReceived", "context":{"id":"37a87f4e-328d-4b79-832a-e47805054ef4", "isDeleted:":"true", "version":"1675435286061"}}
{"logTime": "0205/014239", "correlationVector":"+xwWX7k0JyrMc/wIXmf/Z0.221","action":"GetUpdates", "result":"DeleteReceived", "context":{"id":"b35231a6-85b2-48c5-9016-5be71ced21ba", "isDeleted:":"true", "version":"1675435286062"}}
{"logTime": "0205/014239", "correlationVector":"+xwWX7k0JyrMc/wIXmf/Z0.222","action":"GetUpdates", "result":"DeleteReceived", "context":{"id":"995efda0-7005-4b59-bfd9-bb43e9f460d6", "isDeleted:":"true", "version":"1675435286064"}}
{"logTime": "0205/014239", "correlationVector":"+xwWX7k0JyrMc/wIXmf/Z0.223","action":"GetUpdates", "result":"DeleteReceived", "context":{"id":"7f7f5f44-8011-4c1c-8239-b7aa018eb7f1", "isDeleted:":"true", "version":"1675435286065"}}
{"logTime": "0205/014239", "correlationVector":"+xwWX7k0JyrMc/wIXmf/Z0.224","action":"GetUpdates", "result":"DeleteReceived", "context":{"id":"994d6bcf-bb41-4cf2-9336-805b57ca9338", "isDeleted:":"true", "version":"1675435286066"}}
{"logTime": "0205/014239", "correlationVector":"+xwWX7k0JyrMc/wIXmf/Z0.225","action":"GetUpdates", "result":"DeleteReceived", "context":{"id":"30f77ff4-c2cb-40da-964d-c2accc9d9ea0", "isDeleted:":"true", "version":"1675522968127"}}
{"logTime": "0205/014239", "correlationVector":"+xwWX7k0JyrMc/wIXmf/Z0.226","action":"GetUpdates", "result":"DeleteReceived", "context":{"id":"49a69682-ae32-4aae-9530-f984abcbf3ba", "isDeleted:":"true", "version":"1675522968128"}}
{"logTime": "0205/014239", "correlationVector":"+xwWX7k0JyrMc/wIXmf/Z0.227","action":"GetUpdates Response", "result":"SERVER_MORE_TO_DOWNLOAD", "context":Received 250 update(s).  Some updates remain.}
{"logTime": "0205/014239", "correlationVector":"LoAmeu948RGdagmbKJdB4e","action":"Initial GetUpdates", "result":"", "context":Reason: RECONFIGURATION. cV=LoAmeu948RGdagmbKJdB4e}
{"logTime": "0205/014239", "correlationVector":"LoAmeu948RGdagmbKJdB4e.1","action":"SyncServerConnectionManagerRequest", "result":"SYNC_SERVER_OK", "context":{"environment":"Prod_EastUS2_000e", "server":"GENERAL0100001D"}}
{"logTime": "0205/014239", "correlationVector":"LoAmeu948RGdagmbKJdB4e.2","action":"GetUpdates", "result":"DeleteReceived", "context":{"id":"328d4a89-9c68-4332-b022-517c079a43d8", "isDeleted:":"true", "version":"1675522968129"}}
{"logTime": "0205/014239", "correlationVector":"LoAmeu948RGdagmbKJdB4e.3","action":"GetUpdates", "result":"DeleteReceived", "context":{"id":"825da0c0-c6a0-47ad-8ff2-f8b2f5ab1208", "isDeleted:":"true", "version":"1675522968131"}}
{"logTime": "0205/014239", "correlationVector":"LoAmeu948RGdagmbKJdB4e.4","action":"GetUpdates", "result":"DeleteReceived", "context":{"id":"c7f362ce-539c-41e1-9c84-95d34a12418d", "isDeleted:":"true", "version":"1675522968132"}}
{"logTime": "0205/014239", "correlationVector":"LoAmeu948RGdagmbKJdB4e.5","action":"GetUpdates", "result":"DeleteReceived", "context":{"id":"1fdd106a-d1d2-40e9-87c2-a636c56d7348", "isDeleted:":"true", "version":"1675522968133"}}
{"logTime": "0205/014239", "correlationVector":"LoAmeu948RGdagmbKJdB4e.6","action":"GetUpdates", "result":"DeleteReceived", "context":{"id":"8b9b58a4-315d-4397-b641-21cc4df872d9", "isDeleted:":"true", "version":"1675522968134"}}
{"logTime": "0205/014239", "correlationVector":"LoAmeu948RGdagmbKJdB4e.7","action":"GetUpdates", "result":"DeleteReceived", "context":{"id":"4496e0ec-1759-4d24-9ffa-a4a44f182041", "isDeleted:":"true", "version":"1675522968136"}}
{"logTime": "0205/014239", "correlationVector":"LoAmeu948RGdagmbKJdB4e.8","action":"GetUpdates", "result":"DeleteReceived", "context":{"id":"b90a48d4-be15-4206-9e62-773ad25f73bb", "isDeleted:":"true", "version":"1675522968137"}}
{"logTime": "0205/014239", "correlationVector":"LoAmeu948RGdagmbKJdB4e.9","action":"GetUpdates", "result":"DeleteReceived", "context":{"id":"89867b5a-bb2e-4f48-90a0-5d45a59d3d7a", "isDeleted:":"true", "version":"1675523738068"}}
{"logTime": "0205/014239", "correlationVector":"LoAmeu948RGdagmbKJdB4e.10","action":"GetUpdates", "result":"DeleteReceived", "context":{"id":"29bd181e-2922-451d-9b08-084f0633f0a8", "isDeleted:":"true", "version":"1675523738069"}}
{"logTime": "0205/014239", "correlationVector":"LoAmeu948RGdagmbKJdB4e.11","action":"GetUpdates", "result":"DeleteReceived", "context":{"id":"8f1c00ce-91bd-4e3f-98f6-64a86887bd90", "isDeleted:":"true", "version":"1675526822374"}}
{"logTime": "0205/014239", "correlationVector":"LoAmeu948RGdagmbKJdB4e.12","action":"GetUpdates", "result":"DeleteReceived", "context":{"id":"58f8b68d-c825-425c-917f-a8b3df74e05f", "isDeleted:":"true", "version":"1675527403408"}}
{"logTime": "0205/014239", "correlationVector":"LoAmeu948RGdagmbKJdB4e.13","action":"GetUpdates", "result":"DeleteReceived", "context":{"id":"b9cc51a2-a674-47e5-a21e-f6c039124774", "isDeleted:":"true", "version":"1675527403409"}}
{"logTime": "0205/014239", "correlationVector":"LoAmeu948RGdagmbKJdB4e.14","action":"GetUpdates", "result":"DeleteReceived", "context":{"id":"a2526c4f-9f7c-49a7-82eb-431005b51f57", "isDeleted:":"true", "version":"1675527759485"}}
{"logTime": "0205/014239", "correlationVector":"LoAmeu948RGdagmbKJdB4e.15","action":"GetUpdates", "result":"DeleteReceived", "context":{"id":"25dd2779-5a31-45f6-b408-1fb3c5d5f114", "isDeleted:":"true", "version":"1675527759486"}}
{"logTime": "0205/014239", "correlationVector":"LoAmeu948RGdagmbKJdB4e.16","action":"GetUpdates", "result":"DeleteReceived", "context":{"id":"7ef1d662-eb82-4862-a614-23767d1e2511", "isDeleted:":"true", "version":"1675527759487"}}
{"logTime": "0205/014239", "correlationVector":"LoAmeu948RGdagmbKJdB4e.17","action":"GetUpdates", "result":"DeleteReceived", "context":{"id":"8c225706-e22a-442c-8f89-9fdbc3ff1ccc", "isDeleted:":"true", "version":"1675527759490"}}
{"logTime": "0205/014239", "correlationVector":"LoAmeu948RGdagmbKJdB4e.18","action":"GetUpdates", "result":"DeleteReceived", "context":{"id":"d5c1d23b-0feb-408d-abb9-5f6427f4d8a9", "isDeleted:":"true", "version":"1675527821072"}}
{"logTime": "0205/014239", "correlationVector":"LoAmeu948RGdagmbKJdB4e.19","action":"GetUpdates", "result":"DeleteReceived", "context":{"id":"58d694cb-6a7d-4ac4-bfda-410b8c31d666", "isDeleted:":"true", "version":"1675528216152"}}
{"logTime": "0205/014239", "correlationVector":"LoAmeu948RGdagmbKJdB4e.20","action":"GetUpdates", "result":"DeleteReceived", "context":{"id":"946e56f1-fce9-4653-8cd8-630201857b02", "isDeleted:":"true", "version":"1675528357859"}}
{"logTime": "0205/014239", "correlationVector":"LoAmeu948RGdagmbKJdB4e.21","action":"GetUpdates", "result":"DeleteReceived", "context":{"id":"7e69e6e5-b761-440f-ac49-9cff3d376bb9", "isDeleted:":"true", "version":"1675528556528"}}
{"logTime": "0205/014239", "correlationVector":"LoAmeu948RGdagmbKJdB4e.22","action":"GetUpdates", "result":"DeleteReceived", "context":{"id":"42b4abe8-6e54-478a-a9f9-7ee3a1a019fa", "isDeleted:":"true", "version":"1675528644495"}}
{"logTime": "0205/014239", "correlationVector":"LoAmeu948RGdagmbKJdB4e.23","action":"GetUpdates Response", "result":"SYNCER_OK", "context":Received 32 update(s). cV=LoAmeu948RGdagmbKJdB4e.0;server=GENERAL0100001D;cloudType=Consumer;environment=Prod_EastUS2_000e}
{"logTime": "0205/014239", "correlationVector":"0CUxZfWs6Sqqj/4tExg4c0","action":"Normal GetUpdate request", "result":"", "context":cV=0CUxZfWs6Sqqj/4tExg4c0
Nudged types: Typed URLs, Sessions, Device Info
Refresh requested types: Bookmarks, Preferences, Passwords, Autofill, Autofill Custom Data, Typed URLs, Extensions, Sessions, Extension settings, History Delete Directives, Device Info, User Consents, Send Tab To Self, Collection, Encryption Keys}
{"logTime": "0205/014239", "correlationVector":"0CUxZfWs6Sqqj/4tExg4c0.1","action":"SyncServerConnectionManagerRequest", "result":"SYNC_SERVER_OK", "context":{"environment":"Prod_EastUS2_000e", "server":"GENERAL01000028"}}
{"logTime": "0205/014239", "correlationVector":"0CUxZfWs6Sqqj/4tExg4c0.2","action":"GetUpdates Response", "result":"SYNCER_OK", "context":Received 60 update(s). cV=0CUxZfWs6Sqqj/4tExg4c0.0;server=GENERAL01000028;cloudType=Consumer;environment=Prod_EastUS2_000e}
{"logTime": "0205/014239", "correlationVector":"rMD2PwdifrRLK5y36qrp0t","action":"Commit Request", "result":"", "context":Item count: 1
Contributing types: Device Info}
{"logTime": "0205/014240", "correlationVector":"rMD2PwdifrRLK5y36qrp0t.1","action":"SyncServerConnectionManagerRequest", "result":"SYNC_SERVER_OK", "context":{"environment":"Prod_EastUS2_000e", "server":"GENERAL01000024"}}
{"logTime": "0205/014240", "correlationVector":"rMD2PwdifrRLK5y36qrp0t.2","action":"Commit Response", "result":"SYNCER_OK", "context":Result: SYNCER_OK. cV=rMD2PwdifrRLK5y36qrp0t.0;server=GENERAL01000024;cloudType=Consumer;environment=Prod_EastUS2_000e}
{"logTime": "0205/014240", "correlationVector":"nj2W63s/3pHxGmtqszLxVH","action":"Commit Request", "result":"", "context":Item count: 3
Contributing types: Typed URLs, Sessions}
{"logTime": "0205/014240", "correlationVector":"nj2W63s/3pHxGmtqszLxVH.1","action":"SyncServerConnectionManagerRequest", "result":"SYNC_SERVER_OK", "context":{"environment":"Prod_EastUS2_000e", "server":"GENERAL01000009"}}
{"logTime": "0205/014240", "correlationVector":"nj2W63s/3pHxGmtqszLxVH.2","action":"Commit Response", "result":"SYNCER_OK", "context":Result: SYNCER_OK. cV=nj2W63s/3pHxGmtqszLxVH.0;server=GENERAL01000009;cloudType=Consumer;environment=Prod_EastUS2_000e}
