Flutter crash report.
Please report a bug at https://github.com/flutter/flutter/issues.

## command

flutter assemble --no-version-check --output=build -dTargetPlatform=windows-x64 -dTrackWidgetCreation=true -dBuildMode=debug -dTargetFile=C:\Users\tobia_mzp3yru\Documents\GitHub\media-organizer\lib\main.dart -dTreeShakeIcons="false" -dDartObfuscation=false --DartDefines=RkxVVFRFUl9XRUJfQVVUT19ERVRFQ1Q9dHJ1ZQ== debug_bundle_windows_assets

## exception

PathAccessException: PathAccessException: Cannot delete file, path = 'C:\Users\tobia_mzp3yru\Documents\GitHub\media-organizer\windows\flutter\ephemeral\flutter_windows.h' (OS Error: The process cannot access the file because it is being used by another process.
, errno = 32)

```
#0      _File.throwIfError (dart:io/file_impl.dart:618:7)
#1      _File._deleteSync (dart:io/file_impl.dart:312:5)
#2      FileSystemEntity.deleteSync (dart:io/file_system_entity.dart:424:7)
#3      ForwardingFileSystemEntity.deleteSync (package:file/src/forwarding/forwarding_file_system_entity.dart:70:16)
#4      ForwardingFileSystemEntity.deleteSync (package:file/src/forwarding/forwarding_file_system_entity.dart:70:16)
#5      ErrorHandlingFileSystem.deleteIfExists (package:flutter_tools/src/base/error_handling_io.dart:80:12)
#6      FlutterBuildSystem.trackSharedBuildDirectory (package:flutter_tools/src/build_system/build_system.dart:750:33)
#7      FlutterBuildSystem.build (package:flutter_tools/src/build_system/build_system.dart:638:5)
<asynchronous suspension>
#8      AssembleCommand.runCommand (package:flutter_tools/src/commands/assemble.dart:331:32)
<asynchronous suspension>
#9      FlutterCommand.run.<anonymous closure> (package:flutter_tools/src/runner/flutter_command.dart:1279:27)
<asynchronous suspension>
#10     AppContext.run.<anonymous closure> (package:flutter_tools/src/base/context.dart:150:19)
<asynchronous suspension>
#11     CommandRunner.runCommand (package:args/command_runner.dart:212:13)
<asynchronous suspension>
#12     FlutterCommandRunner.runCommand.<anonymous closure> (package:flutter_tools/src/runner/flutter_command_runner.dart:288:9)
<asynchronous suspension>
#13     AppContext.run.<anonymous closure> (package:flutter_tools/src/base/context.dart:150:19)
<asynchronous suspension>
#14     FlutterCommandRunner.runCommand (package:flutter_tools/src/runner/flutter_command_runner.dart:236:5)
<asynchronous suspension>
#15     run.<anonymous closure>.<anonymous closure> (package:flutter_tools/runner.dart:64:9)
<asynchronous suspension>
#16     AppContext.run.<anonymous closure> (package:flutter_tools/src/base/context.dart:150:19)
<asynchronous suspension>
#17     main (package:flutter_tools/executable.dart:91:3)
<asynchronous suspension>
```

## flutter doctor

```
[✓] Flutter (Channel master, 3.7.0-29.0.pre.13, on Microsoft Windows [Version 10.0.22621.1105], locale pt-BR)
    • Flutter version 3.7.0-29.0.pre.13 on channel master at C:\flutter_windows_3.3.10-stable\flutter
    • Upstream repository https://github.com/flutter/flutter.git
    • Framework revision e9ca9cc146 (81 minutes ago), 2023-01-27 13:36:54 -0800
    • Engine revision 8567d96993
    • Dart version 3.0.0 (build 3.0.0-173.0.dev)
    • DevTools version 2.20.1

[✓] Windows Version (Installed version of Windows is version 10 or higher)

[!] Android toolchain - develop for Android devices (Android SDK version 33.0.1)
    • Android SDK at C:\Users\tobia_mzp3yru\AppData\Local\Android\sdk
    ✗ cmdline-tools component is missing
      Run `path/to/sdkmanager --install "cmdline-tools;latest"`
      See https://developer.android.com/studio/command-line for more details.
    ✗ Android license status unknown.
      Run `flutter doctor --android-licenses` to accept the SDK licenses.
      See https://flutter.dev/docs/get-started/install/windows#android-setup for more details.

[✓] Chrome - develop for the web
    • Chrome at C:\Program Files\Google\Chrome\Application\chrome.exe

[✓] Visual Studio - develop for Windows (Visual Studio Community 2022 17.4.4)
    • Visual Studio at C:\Program Files\Microsoft Visual Studio\2022\Community
    • Visual Studio Community 2022 version 17.4.33213.308
    • Windows 10 SDK version 10.0.22000.0

[!] Android Studio (version 2022.1)
    • Android Studio at C:\Program Files\Android\Android Studio
    • Flutter plugin can be installed from:
      🔨 https://plugins.jetbrains.com/plugin/9212-flutter
    • Dart plugin can be installed from:
      🔨 https://plugins.jetbrains.com/plugin/6351-dart
    ✗ Unable to find bundled Java version.
    • Try updating or re-installing Android Studio.

[✓] VS Code (version 1.74.3)
    • VS Code at C:\Users\tobia_mzp3yru\AppData\Local\Programs\Microsoft VS Code
    • Flutter extension version 3.58.0

[✓] Connected device (3 available)
    • Windows (desktop) • windows • windows-x64    • Microsoft Windows [Version 10.0.22621.1105]
    • Chrome (web)      • chrome  • web-javascript • Google Chrome 109.0.5414.75
    • Edge (web)        • edge    • web-javascript • Microsoft Edge 109.0.1518.69

[✓] HTTP Host Availability
    • All required HTTP hosts are available

! Doctor found issues in 2 categories.
```
