Flutter crash report.
Please report a bug at https://github.com/flutter/flutter/issues.

## command

flutter run

## exception

FileSystemException: FileSystemException: Creation of temporary directory failed, path = '/tmp/flutter_tools.' (OS Error: No space left on device, errno = 28)

```
#0      _Directory.createTempSync (dart:io/directory_impl.dart:181:7)
#1      ForwardingDirectory.createTempSync (package:file/src/forwarding/forwarding_directory.dart:28:21)
#2      LocalFileSystem.systemTempDirectory (package:flutter_tools/src/base/file_system.dart:227:46)
#3      ForwardingFileSystem.systemTempDirectory (package:file/src/forwarding/forwarding_file_system.dart:33:49)
#4      new ResidentRunner (package:flutter_tools/src/resident_runner.dart:1055:24)
#5      new ResidentWebRunner (package:flutter_tools/src/isolated/resident_web_runner.dart:102:8)
#6      DwdsWebRunnerFactory.createWebRunner (package:flutter_tools/src/isolated/resident_web_runner.dart:61:12)
#7      RunCommand.createRunner (package:flutter_tools/src/commands/run.dart:537:32)
<asynchronous suspension>
#8      RunCommand.runCommand (package:flutter_tools/src/commands/run.dart:671:35)
<asynchronous suspension>
#9      FlutterCommand.run.<anonymous closure> (package:flutter_tools/src/runner/flutter_command.dart:1209:27)
<asynchronous suspension>
#10     AppContext.run.<anonymous closure> (package:flutter_tools/src/base/context.dart:150:19)
<asynchronous suspension>
#11     CommandRunner.runCommand (package:args/command_runner.dart:209:13)
<asynchronous suspension>
#12     FlutterCommandRunner.runCommand.<anonymous closure> (package:flutter_tools/src/runner/flutter_command_runner.dart:281:9)
<asynchronous suspension>
#13     AppContext.run.<anonymous closure> (package:flutter_tools/src/base/context.dart:150:19)
<asynchronous suspension>
#14     FlutterCommandRunner.runCommand (package:flutter_tools/src/runner/flutter_command_runner.dart:229:5)
<asynchronous suspension>
#15     run.<anonymous closure>.<anonymous closure> (package:flutter_tools/runner.dart:62:9)
<asynchronous suspension>
#16     AppContext.run.<anonymous closure> (package:flutter_tools/src/base/context.dart:150:19)
<asynchronous suspension>
#17     main (package:flutter_tools/executable.dart:91:3)
<asynchronous suspension>
```

## flutter doctor

```
[✓] Flutter (Channel stable, 3.3.10, on Pop!_OS 22.04 LTS 5.19.0-76051900-generic, locale pt_BR.UTF-8)
    • Flutter version 3.3.10 on channel stable at /home/tobias/snap/flutter/common/flutter
    • Upstream repository https://github.com/flutter/flutter.git
    • Framework revision 135454af32 (5 weeks ago), 2022-12-15 07:36:55 -0800
    • Engine revision 3316dd8728
    • Dart version 2.18.6
    • DevTools version 2.15.0

[✓] Android toolchain - develop for Android devices (Android SDK version 33.0.1)
    • Android SDK at /home/tobias/Android/Sdk
    • Platform android-33, build-tools 33.0.1
    • Java binary at: /snap/android-studio/125/android-studio/jre/bin/java
    • Java version OpenJDK Runtime Environment (build 11.0.13+0-b1751.21-8125866)
    • All Android licenses accepted.

[✓] Chrome - develop for the web
    • Chrome at google-chrome

[✓] Linux toolchain - develop for Linux desktop
    • clang version 10.0.0-4ubuntu1
    • cmake version 3.16.3
    • ninja version 1.10.0
    • pkg-config version 0.29.1

[✓] Android Studio (version 2021.3)
    • Android Studio at /snap/android-studio/125/android-studio
    • Flutter plugin version 71.2.3
    • Dart plugin version 213.7433
    • Java version OpenJDK Runtime Environment (build 11.0.13+0-b1751.21-8125866)

[✓] VS Code (version 1.70.2)
    • VS Code at /usr/share/code
    • Flutter extension version 3.56.0

[✓] Connected device (2 available)
    • Linux (desktop) • linux  • linux-x64      • Pop!_OS 22.04 LTS 5.19.0-76051900-generic
    • Chrome (web)    • chrome • web-javascript • Google Chrome 109.0.5414.74

[✓] HTTP Host Availability
    • All required HTTP hosts are available

• No issues found!
```
